2026-02-28 04:53:09.129: [INFO] VisibilityChanged: 0
2026-02-28 04:53:09.178: [INFO] RecordSyncInitDuration has_sync_been_enabled: 0 state: 0
2026-02-28 04:53:09.180: [INFO] RecordSyncInitDuration has_sync_been_enabled: 0 state: 0
2026-02-28 04:53:09.182: [INFO] RecordSyncInitDuration has_sync_been_enabled: 0 state: 0
2026-02-28 04:53:09.185: [INFO] RecordSyncInitDuration has_sync_been_enabled: 0 state: 0
2026-02-28 04:53:09.187: [INFO] RecordSyncInitDuration has_sync_been_enabled: 0 state: 0
2026-02-28 04:53:09.189: [INFO] RecordSyncInitDuration has_sync_been_enabled: 0 state: 0
2026-02-28 04:53:09.191: [INFO] RecordSyncInitDuration has_sync_been_enabled: 0 state: 0
2026-02-28 04:53:09.193: [INFO] RecordSyncInitDuration has_sync_been_enabled: 0 state: 0
2026-02-28 04:53:09.194: [INFO] RecordSyncInitDuration has_sync_been_enabled: 0 state: 0
2026-02-28 04:53:09.195: [INFO] RecordSyncInitDuration has_sync_been_enabled: 0 state: 0
2026-02-28 04:53:09.197: [INFO] RecordSyncInitDuration has_sync_been_enabled: 0 state: 0
2026-02-28 04:53:09.198: [INFO] RecordSyncInitDuration has_sync_been_enabled: 0 state: 0
2026-02-28 04:53:09.243: [INFO] BookmarkNodeAdded, ABU: 0
2026-02-28 04:53:09.244: [INFO] BookmarkNodeAdded, ABU: 0
2026-02-28 04:53:09.245: [INFO] BookmarkNodeAdded, ABU: 0
2026-02-28 04:53:09.245: [INFO] BookmarkNodeAdded, ABU: 0
2026-02-28 04:53:09.246: [INFO] BookmarkNodeAdded, ABU: 0
2026-02-28 04:53:09.246: [INFO] BookmarkModelLoaded, ids_reassigned: 0
2026-02-28 04:53:09.246: [INFO] OnDoneLoading sync enabled: 0
2026-02-28 04:53:09.372: [INFO] RecordSyncInitDuration has_sync_been_enabled: 0 state: 0
2026-02-28 04:53:10.908: [INFO] RecordSyncInitDuration has_sync_been_enabled: 0 state: 3
2026-02-28 04:53:10.927: [INFO] Primary account changed.
2026-02-28 04:53:10.927: [INFO] OnPrimaryAccountChanged PrimaryAccountChangeEvent::Type::kSet
2026-02-28 04:53:10.934: [INFO] RecordSyncInitDuration has_sync_been_enabled: 0 state: 3
2026-02-28 04:53:10.977: [INFO] RecordSyncInitDuration has_sync_been_enabled: 0 state: 3
2026-02-28 04:53:12.810: [INFO] BookmarkNodeAdded, ABU: 0
2026-02-28 04:53:12.812: [INFO] BookmarkNodeAdded, ABU: 0
2026-02-28 04:53:12.812: [INFO] BookmarkNodeAdded, ABU: 0
2026-02-28 04:53:12.814: [INFO] BookmarkNodeAdded, ABU: 0
2026-02-28 04:53:12.816: [INFO] BookmarkNodeAdded, ABU: 0
2026-02-28 04:53:14.107: [INFO] BookmarkNodeMoved
2026-02-28 04:53:14.109: [INFO] BookmarkNodeAdded, ABU: 0
2026-02-28 04:53:14.109: [INFO] Remove, DeletionOrigin: 19
2026-02-28 04:53:14.110: [INFO] BookmarkNodeRemoved, Url: 1, IsFolder: 0, IsWorkspace: 0
2026-02-28 04:53:14.111: [INFO] BookmarkNodeMoved
2026-02-28 04:53:14.113: [INFO] BookmarkNodeAdded, ABU: 0
2026-02-28 04:53:14.113: [INFO] Remove, DeletionOrigin: 19
2026-02-28 04:53:14.114: [INFO] BookmarkNodeRemoved, Url: 1, IsFolder: 0, IsWorkspace: 0
2026-02-28 04:53:14.115: [INFO] BookmarkNodeAdded, ABU: 0
2026-02-28 04:53:14.115: [INFO] BookmarkNodeMoved
2026-02-28 04:53:14.115: [INFO] BookmarkNodeMoved
2026-02-28 04:53:14.115: [INFO] ReorderChildren, Url: 0, IsFolder: 1, IsWorkspace: 0
2026-02-28 04:53:14.115: [INFO] Remove, DeletionOrigin: 19
2026-02-28 04:53:14.116: [INFO] BookmarkNodeRemoved, Url: 0, IsFolder: 1, IsWorkspace: 0
2026-02-28 04:53:14.117: [INFO] BookmarkNodeAdded, ABU: 0
2026-02-28 04:53:14.117: [INFO] Remove, DeletionOrigin: 19
2026-02-28 04:53:14.118: [INFO] BookmarkNodeRemoved, Url: 1, IsFolder: 0, IsWorkspace: 0
2026-02-28 04:53:14.120: [INFO] BookmarkNodeAdded, ABU: 0
2026-02-28 04:53:14.120: [INFO] Remove, DeletionOrigin: 19
2026-02-28 04:53:14.120: [INFO] BookmarkNodeRemoved, Url: 1, IsFolder: 0, IsWorkspace: 0
2026-02-28 04:53:14.422: [INFO] Sync initialization duration: 3042ms
2026-02-28 04:55:54.255: [INFO] VisibilityChanged: 0
2026-02-28 04:55:54.409: [INFO] BookmarkNodeAdded, ABU: 0
2026-02-28 04:55:54.410: [INFO] BookmarkNodeAdded, ABU: 0
2026-02-28 04:55:54.412: [INFO] BookmarkNodeAdded, ABU: 0
2026-02-28 04:55:54.413: [INFO] BookmarkNodeAdded, ABU: 0
2026-02-28 04:55:54.414: [INFO] BookmarkNodeAdded, ABU: 0
2026-02-28 04:55:54.414: [INFO] BookmarkModelLoaded, ids_reassigned: 0
2026-02-28 04:55:54.414: [INFO] OnDoneLoading sync enabled: 1
2026-02-28 04:56:04.161: [INFO] BookmarkNodeAdded, ABU: 0
2026-02-28 04:56:04.163: [INFO] BookmarkNodeAdded, ABU: 0
2026-02-28 04:56:04.164: [INFO] BookmarkNodeAdded, ABU: 0
2026-02-28 04:56:04.165: [INFO] BookmarkNodeAdded, ABU: 0
2026-02-28 04:56:04.166: [INFO] BookmarkNodeAdded, ABU: 0
2026-02-28 04:56:04.172: [INFO] Sync initialization duration: 1260ms
2026-02-28 05:02:40.648: [INFO] VisibilityChanged: 0
2026-02-28 05:02:40.861: [INFO] BookmarkNodeAdded, ABU: 0
2026-02-28 05:02:40.863: [INFO] BookmarkNodeAdded, ABU: 0
2026-02-28 05:02:40.864: [INFO] BookmarkNodeAdded, ABU: 0
2026-02-28 05:02:40.865: [INFO] BookmarkNodeAdded, ABU: 0
2026-02-28 05:02:40.866: [INFO] BookmarkNodeAdded, ABU: 0
2026-02-28 05:02:40.866: [INFO] BookmarkModelLoaded, ids_reassigned: 0
2026-02-28 05:02:40.866: [INFO] OnDoneLoading sync enabled: 0
2026-02-28 05:02:46.143: [INFO] Primary account changed.
2026-02-28 05:02:46.143: [INFO] OnPrimaryAccountChanged PrimaryAccountChangeEvent::Type::kSet
2026-02-28 05:02:48.612: [INFO] BookmarkNodeMoved
2026-02-28 05:02:48.612: [INFO] BookmarkNodeMoved
2026-02-28 05:02:48.940: [INFO] Sync initialization duration: 8066ms
2026-02-28 05:09:48.630: [INFO] VisibilityChanged: 0
2026-02-28 05:09:48.797: [INFO] BookmarkNodeAdded, ABU: 0
2026-02-28 05:09:48.798: [INFO] BookmarkNodeAdded, ABU: 0
2026-02-28 05:09:48.800: [INFO] BookmarkNodeAdded, ABU: 0
2026-02-28 05:09:48.800: [INFO] BookmarkNodeAdded, ABU: 0
2026-02-28 05:09:48.801: [INFO] BookmarkNodeAdded, ABU: 0
2026-02-28 05:09:48.801: [INFO] BookmarkModelLoaded, ids_reassigned: 0
2026-02-28 05:09:48.801: [INFO] OnDoneLoading sync enabled: 1
2026-02-28 05:09:58.632: [INFO] Sync initialization duration: 1166ms
2026-02-28 05:22:13.668: [INFO] VisibilityChanged: 0
2026-02-28 05:22:13.793: [INFO] BookmarkNodeAdded, ABU: 0
2026-02-28 05:22:13.795: [INFO] BookmarkNodeAdded, ABU: 0
2026-02-28 05:22:13.796: [INFO] BookmarkNodeAdded, ABU: 0
2026-02-28 05:22:13.797: [INFO] BookmarkNodeAdded, ABU: 0
2026-02-28 05:22:13.799: [INFO] BookmarkNodeAdded, ABU: 0
2026-02-28 05:22:13.799: [INFO] BookmarkModelLoaded, ids_reassigned: 0
2026-02-28 05:22:13.799: [INFO] OnDoneLoading sync enabled: 0
2026-02-28 05:22:15.495: [INFO] Primary account changed.
2026-02-28 05:22:15.495: [INFO] OnPrimaryAccountChanged PrimaryAccountChangeEvent::Type::kSet
2026-02-28 05:22:17.149: [INFO] BookmarkNodeMoved
2026-02-28 05:22:17.149: [INFO] BookmarkNodeMoved
2026-02-28 05:22:17.648: [INFO] Sync initialization duration: 3845ms
2026-02-28 05:26:04.318: [INFO] VisibilityChanged: 0
2026-02-28 05:26:04.485: [INFO] BookmarkNodeAdded, ABU: 0
2026-02-28 05:26:04.488: [INFO] BookmarkNodeAdded, ABU: 0
2026-02-28 05:26:04.490: [INFO] BookmarkNodeAdded, ABU: 0
2026-02-28 05:26:04.492: [INFO] BookmarkNodeAdded, ABU: 0
2026-02-28 05:26:04.494: [INFO] BookmarkNodeAdded, ABU: 0
2026-02-28 05:26:04.494: [INFO] BookmarkModelLoaded, ids_reassigned: 0
2026-02-28 05:26:04.494: [INFO] OnDoneLoading sync enabled: 1
2026-02-28 05:26:14.318: [INFO] Sync initialization duration: 1127ms
2026-02-28 05:34:40.312: [INFO] VisibilityChanged: 0
2026-02-28 05:34:40.528: [INFO] BookmarkNodeAdded, ABU: 0
2026-02-28 05:34:40.529: [INFO] BookmarkNodeAdded, ABU: 0
2026-02-28 05:34:40.531: [INFO] BookmarkNodeAdded, ABU: 0
2026-02-28 05:34:40.534: [INFO] BookmarkNodeAdded, ABU: 0
2026-02-28 05:34:40.536: [INFO] BookmarkNodeAdded, ABU: 0
2026-02-28 05:34:40.537: [INFO] BookmarkModelLoaded, ids_reassigned: 0
2026-02-28 05:34:40.537: [INFO] OnDoneLoading sync enabled: 0
2026-02-28 05:34:42.126: [INFO] Primary account changed.
2026-02-28 05:34:42.126: [INFO] OnPrimaryAccountChanged PrimaryAccountChangeEvent::Type::kSet
2026-02-28 05:34:45.050: [INFO] BookmarkNodeMoved
2026-02-28 05:34:45.050: [INFO] BookmarkNodeMoved
2026-02-28 05:34:45.572: [INFO] Sync initialization duration: 5026ms
2026-02-28 05:49:16.480: [INFO] VisibilityChanged: 0
2026-02-28 05:49:16.607: [INFO] BookmarkNodeAdded, ABU: 0
2026-02-28 05:49:16.609: [INFO] BookmarkNodeAdded, ABU: 0
2026-02-28 05:49:16.611: [INFO] BookmarkNodeAdded, ABU: 0
2026-02-28 05:49:16.612: [INFO] BookmarkNodeAdded, ABU: 0
2026-02-28 05:49:16.613: [INFO] BookmarkNodeAdded, ABU: 0
2026-02-28 05:49:16.613: [INFO] BookmarkModelLoaded, ids_reassigned: 0
2026-02-28 05:49:16.613: [INFO] OnDoneLoading sync enabled: 1
2026-02-28 05:49:27.425: [INFO] Sync initialization duration: 1215ms
2026-02-28 06:01:40.997: [INFO] VisibilityChanged: 0
2026-02-28 06:01:41.157: [INFO] BookmarkNodeAdded, ABU: 0
2026-02-28 06:01:41.158: [INFO] BookmarkNodeAdded, ABU: 0
2026-02-28 06:01:41.159: [INFO] BookmarkNodeAdded, ABU: 0
2026-02-28 06:01:41.160: [INFO] BookmarkNodeAdded, ABU: 0
2026-02-28 06:01:41.161: [INFO] BookmarkNodeAdded, ABU: 0
2026-02-28 06:01:41.161: [INFO] BookmarkModelLoaded, ids_reassigned: 0
2026-02-28 06:01:41.161: [INFO] OnDoneLoading sync enabled: 0
2026-02-28 06:01:44.448: [INFO] Primary account changed.
2026-02-28 06:01:44.448: [INFO] OnPrimaryAccountChanged PrimaryAccountChangeEvent::Type::kSet
2026-02-28 06:01:47.400: [INFO] BookmarkNodeMoved
2026-02-28 06:01:47.400: [INFO] BookmarkNodeMoved
2026-02-28 06:01:47.755: [INFO] Sync initialization duration: 6590ms
2026-02-28 06:04:44.205: [INFO] VisibilityChanged: 0
2026-02-28 06:04:44.359: [INFO] BookmarkNodeAdded, ABU: 0
2026-02-28 06:04:44.360: [INFO] BookmarkNodeAdded, ABU: 0
2026-02-28 06:04:44.362: [INFO] BookmarkNodeAdded, ABU: 0
2026-02-28 06:04:44.364: [INFO] BookmarkNodeAdded, ABU: 0
2026-02-28 06:04:44.365: [INFO] BookmarkNodeAdded, ABU: 0
2026-02-28 06:04:44.365: [INFO] BookmarkModelLoaded, ids_reassigned: 0
2026-02-28 06:04:44.365: [INFO] OnDoneLoading sync enabled: 1
2026-02-28 06:04:53.958: [INFO] Sync initialization duration: 1078ms
2026-02-28 06:07:53.419: [INFO] VisibilityChanged: 0
2026-02-28 06:07:53.637: [INFO] BookmarkNodeAdded, ABU: 0
2026-02-28 06:07:53.638: [INFO] BookmarkNodeAdded, ABU: 0
2026-02-28 06:07:53.640: [INFO] BookmarkNodeAdded, ABU: 0
2026-02-28 06:07:53.641: [INFO] BookmarkNodeAdded, ABU: 0
2026-02-28 06:07:53.643: [INFO] BookmarkNodeAdded, ABU: 0
2026-02-28 06:07:53.643: [INFO] BookmarkModelLoaded, ids_reassigned: 0
2026-02-28 06:07:53.643: [INFO] OnDoneLoading sync enabled: 0
2026-02-28 06:07:56.747: [INFO] Primary account changed.
2026-02-28 06:07:56.748: [INFO] OnPrimaryAccountChanged PrimaryAccountChangeEvent::Type::kSet
2026-02-28 06:07:59.292: [INFO] BookmarkNodeMoved
2026-02-28 06:07:59.292: [INFO] BookmarkNodeMoved
2026-02-28 06:07:59.647: [INFO] Sync initialization duration: 5999ms
2026-02-28 06:10:58.679: [INFO] VisibilityChanged: 0
2026-02-28 06:10:58.864: [INFO] BookmarkNodeAdded, ABU: 0
2026-02-28 06:10:58.866: [INFO] BookmarkNodeAdded, ABU: 0
2026-02-28 06:10:58.867: [INFO] BookmarkNodeAdded, ABU: 0
2026-02-28 06:10:58.869: [INFO] BookmarkNodeAdded, ABU: 0
2026-02-28 06:10:58.872: [INFO] BookmarkNodeAdded, ABU: 0
2026-02-28 06:10:58.872: [INFO] BookmarkModelLoaded, ids_reassigned: 0
2026-02-28 06:10:58.872: [INFO] OnDoneLoading sync enabled: 1
2026-02-28 06:11:08.303: [INFO] Sync initialization duration: 1371ms
2026-03-05 19:01:09.814: [INFO] VisibilityChanged: 0
2026-03-05 19:01:09.921: [INFO] BookmarkNodeAdded, ABU: 0
2026-03-05 19:01:09.923: [INFO] BookmarkNodeAdded, ABU: 0
2026-03-05 19:01:09.924: [INFO] BookmarkNodeAdded, ABU: 0
2026-03-05 19:01:09.925: [INFO] BookmarkNodeAdded, ABU: 0
2026-03-05 19:01:09.926: [INFO] BookmarkNodeAdded, ABU: 0
2026-03-05 19:01:09.926: [INFO] BookmarkModelLoaded, ids_reassigned: 0
2026-03-05 19:01:09.926: [INFO] OnDoneLoading sync enabled: 0
2026-03-05 19:01:14.199: [INFO] Primary account changed.
2026-03-05 19:01:14.199: [INFO] OnPrimaryAccountChanged PrimaryAccountChangeEvent::Type::kSet
2026-03-05 19:01:17.897: [INFO] BookmarkNodeMoved
2026-03-05 19:01:17.897: [INFO] BookmarkNodeMoved
2026-03-05 19:01:18.435: [INFO] Sync initialization duration: 8504ms
2026-03-06 03:00:39.437: [INFO] VisibilityChanged: 0
2026-03-06 03:00:39.595: [INFO] BookmarkNodeAdded, ABU: 0
2026-03-06 03:00:39.596: [INFO] BookmarkNodeAdded, ABU: 0
2026-03-06 03:00:39.598: [INFO] BookmarkNodeAdded, ABU: 0
2026-03-06 03:00:39.600: [INFO] BookmarkNodeAdded, ABU: 0
2026-03-06 03:00:39.601: [INFO] BookmarkNodeAdded, ABU: 0
2026-03-06 03:00:39.601: [INFO] BookmarkModelLoaded, ids_reassigned: 0
2026-03-06 03:00:39.601: [INFO] OnDoneLoading sync enabled: 1
2026-03-06 03:00:51.489: [INFO] Sync initialization duration: 1279ms
2026-03-07 15:03:58.558: [INFO] VisibilityChanged: 0
2026-03-07 15:03:58.702: [INFO] BookmarkNodeAdded, ABU: 0
2026-03-07 15:03:58.703: [INFO] BookmarkNodeAdded, ABU: 0
2026-03-07 15:03:58.705: [INFO] BookmarkNodeAdded, ABU: 0
2026-03-07 15:03:58.707: [INFO] BookmarkNodeAdded, ABU: 0
2026-03-07 15:03:58.708: [INFO] BookmarkNodeAdded, ABU: 0
2026-03-07 15:03:58.708: [INFO] BookmarkModelLoaded, ids_reassigned: 0
2026-03-07 15:03:58.708: [INFO] OnDoneLoading sync enabled: 0
2026-03-07 15:23:47.751: [INFO] VisibilityChanged: 0
2026-03-07 15:23:47.910: [INFO] BookmarkNodeAdded, ABU: 0
2026-03-07 15:23:47.911: [INFO] BookmarkNodeAdded, ABU: 0
2026-03-07 15:23:47.912: [INFO] BookmarkNodeAdded, ABU: 0
2026-03-07 15:23:47.913: [INFO] BookmarkNodeAdded, ABU: 0
2026-03-07 15:23:47.914: [INFO] BookmarkNodeAdded, ABU: 0
2026-03-07 15:23:47.914: [INFO] BookmarkModelLoaded, ids_reassigned: 0
2026-03-07 15:23:47.915: [INFO] OnDoneLoading sync enabled: 0
2026-03-07 15:52:11.059: [INFO] VisibilityChanged: 0
2026-03-07 15:52:11.173: [INFO] BookmarkNodeAdded, ABU: 0
2026-03-07 15:52:11.175: [INFO] BookmarkNodeAdded, ABU: 0
2026-03-07 15:52:11.176: [INFO] BookmarkNodeAdded, ABU: 0
2026-03-07 15:52:11.177: [INFO] BookmarkNodeAdded, ABU: 0
2026-03-07 15:52:11.178: [INFO] BookmarkNodeAdded, ABU: 0
2026-03-07 15:52:11.178: [INFO] BookmarkModelLoaded, ids_reassigned: 0
2026-03-07 15:52:11.178: [INFO] OnDoneLoading sync enabled: 0
2026-03-07 15:55:42.976: [INFO] VisibilityChanged: 0
2026-03-07 15:55:43.114: [INFO] BookmarkNodeAdded, ABU: 0
2026-03-07 15:55:43.115: [INFO] BookmarkNodeAdded, ABU: 0
2026-03-07 15:55:43.116: [INFO] BookmarkNodeAdded, ABU: 0
2026-03-07 15:55:43.117: [INFO] BookmarkNodeAdded, ABU: 0
2026-03-07 15:55:43.118: [INFO] BookmarkNodeAdded, ABU: 0
2026-03-07 15:55:43.118: [INFO] BookmarkModelLoaded, ids_reassigned: 0
2026-03-07 15:55:43.118: [INFO] OnDoneLoading sync enabled: 0
2026-03-07 17:21:09.280: [INFO] VisibilityChanged: 0
2026-03-07 17:21:09.415: [INFO] BookmarkNodeAdded, ABU: 0
2026-03-07 17:21:09.417: [INFO] BookmarkNodeAdded, ABU: 0
2026-03-07 17:21:09.418: [INFO] BookmarkNodeAdded, ABU: 0
2026-03-07 17:21:09.419: [INFO] BookmarkNodeAdded, ABU: 0
2026-03-07 17:21:09.420: [INFO] BookmarkNodeAdded, ABU: 0
2026-03-07 17:21:09.420: [INFO] BookmarkModelLoaded, ids_reassigned: 0
2026-03-07 17:21:09.420: [INFO] OnDoneLoading sync enabled: 0
2026-03-07 18:40:38.814: [INFO] VisibilityChanged: 0
2026-03-07 18:40:38.983: [INFO] BookmarkNodeAdded, ABU: 0
2026-03-07 18:40:38.984: [INFO] BookmarkNodeAdded, ABU: 0
2026-03-07 18:40:38.985: [INFO] BookmarkNodeAdded, ABU: 0
2026-03-07 18:40:38.987: [INFO] BookmarkNodeAdded, ABU: 0
2026-03-07 18:40:38.989: [INFO] BookmarkNodeAdded, ABU: 0
2026-03-07 18:40:38.989: [INFO] BookmarkModelLoaded, ids_reassigned: 0
2026-03-07 18:40:38.989: [INFO] OnDoneLoading sync enabled: 0
2026-03-07 18:49:28.368: [INFO] VisibilityChanged: 0
2026-03-07 18:49:28.538: [INFO] BookmarkNodeAdded, ABU: 0
2026-03-07 18:49:28.539: [INFO] BookmarkNodeAdded, ABU: 0
2026-03-07 18:49:28.541: [INFO] BookmarkNodeAdded, ABU: 0
2026-03-07 18:49:28.542: [INFO] BookmarkNodeAdded, ABU: 0
2026-03-07 18:49:28.543: [INFO] BookmarkNodeAdded, ABU: 0
2026-03-07 18:49:28.543: [INFO] BookmarkModelLoaded, ids_reassigned: 0
2026-03-07 18:49:28.543: [INFO] OnDoneLoading sync enabled: 0
2026-03-07 19:02:28.860: [INFO] VisibilityChanged: 0
2026-03-07 19:02:29.020: [INFO] BookmarkNodeAdded, ABU: 0
2026-03-07 19:02:29.021: [INFO] BookmarkNodeAdded, ABU: 0
2026-03-07 19:02:29.022: [INFO] BookmarkNodeAdded, ABU: 0
2026-03-07 19:02:29.024: [INFO] BookmarkNodeAdded, ABU: 0
2026-03-07 19:02:29.025: [INFO] BookmarkNodeAdded, ABU: 0
2026-03-07 19:02:29.025: [INFO] BookmarkModelLoaded, ids_reassigned: 0
2026-03-07 19:02:29.025: [INFO] OnDoneLoading sync enabled: 0
2026-03-07 19:19:32.342: [INFO] VisibilityChanged: 0
2026-03-07 19:19:32.519: [INFO] BookmarkNodeAdded, ABU: 0
2026-03-07 19:19:32.521: [INFO] BookmarkNodeAdded, ABU: 0
2026-03-07 19:19:32.523: [INFO] BookmarkNodeAdded, ABU: 0
2026-03-07 19:19:32.525: [INFO] BookmarkNodeAdded, ABU: 0
2026-03-07 19:19:32.527: [INFO] BookmarkNodeAdded, ABU: 0
2026-03-07 19:19:32.527: [INFO] BookmarkModelLoaded, ids_reassigned: 0
2026-03-07 19:19:32.527: [INFO] OnDoneLoading sync enabled: 0
2026-03-07 19:30:02.399: [INFO] VisibilityChanged: 0
2026-03-07 19:30:02.520: [INFO] BookmarkNodeAdded, ABU: 0
2026-03-07 19:30:02.522: [INFO] BookmarkNodeAdded, ABU: 0
2026-03-07 19:30:02.523: [INFO] BookmarkNodeAdded, ABU: 0
2026-03-07 19:30:02.524: [INFO] BookmarkNodeAdded, ABU: 0
2026-03-07 19:30:02.526: [INFO] BookmarkNodeAdded, ABU: 0
2026-03-07 19:30:02.526: [INFO] BookmarkModelLoaded, ids_reassigned: 0
2026-03-07 19:30:02.526: [INFO] OnDoneLoading sync enabled: 0
2026-03-07 19:56:21.010: [INFO] VisibilityChanged: 0
2026-03-07 19:56:21.153: [INFO] BookmarkNodeAdded, ABU: 0
2026-03-07 19:56:21.155: [INFO] BookmarkNodeAdded, ABU: 0
2026-03-07 19:56:21.157: [INFO] BookmarkNodeAdded, ABU: 0
2026-03-07 19:56:21.158: [INFO] BookmarkNodeAdded, ABU: 0
2026-03-07 19:56:21.159: [INFO] BookmarkNodeAdded, ABU: 0
2026-03-07 19:56:21.159: [INFO] BookmarkModelLoaded, ids_reassigned: 0
2026-03-07 19:56:21.159: [INFO] OnDoneLoading sync enabled: 0
2026-03-07 20:02:11.155: [INFO] VisibilityChanged: 0
2026-03-07 20:02:11.442: [INFO] BookmarkNodeAdded, ABU: 0
2026-03-07 20:02:11.443: [INFO] BookmarkNodeAdded, ABU: 0
2026-03-07 20:02:11.445: [INFO] BookmarkNodeAdded, ABU: 0
2026-03-07 20:02:11.446: [INFO] BookmarkNodeAdded, ABU: 0
2026-03-07 20:02:11.448: [INFO] BookmarkNodeAdded, ABU: 0
2026-03-07 20:02:11.448: [INFO] BookmarkModelLoaded, ids_reassigned: 0
2026-03-07 20:02:11.448: [INFO] OnDoneLoading sync enabled: 0
2026-03-07 20:09:39.645: [INFO] VisibilityChanged: 0
2026-03-07 20:09:39.826: [INFO] BookmarkNodeAdded, ABU: 0
2026-03-07 20:09:39.827: [INFO] BookmarkNodeAdded, ABU: 0
2026-03-07 20:09:39.829: [INFO] BookmarkNodeAdded, ABU: 0
2026-03-07 20:09:39.830: [INFO] BookmarkNodeAdded, ABU: 0
2026-03-07 20:09:39.831: [INFO] BookmarkNodeAdded, ABU: 0
2026-03-07 20:09:39.831: [INFO] BookmarkModelLoaded, ids_reassigned: 0
2026-03-07 20:09:39.831: [INFO] OnDoneLoading sync enabled: 0
2026-03-07 21:09:49.977: [INFO] VisibilityChanged: 0
2026-03-07 21:09:50.158: [INFO] BookmarkNodeAdded, ABU: 0
2026-03-07 21:09:50.160: [INFO] BookmarkNodeAdded, ABU: 0
2026-03-07 21:09:50.161: [INFO] BookmarkNodeAdded, ABU: 0
2026-03-07 21:09:50.162: [INFO] BookmarkNodeAdded, ABU: 0
2026-03-07 21:09:50.164: [INFO] BookmarkNodeAdded, ABU: 0
2026-03-07 21:09:50.164: [INFO] BookmarkModelLoaded, ids_reassigned: 0
2026-03-07 21:09:50.164: [INFO] OnDoneLoading sync enabled: 0
2026-03-07 21:15:37.561: [INFO] VisibilityChanged: 0
2026-03-07 21:15:37.733: [INFO] BookmarkNodeAdded, ABU: 0
2026-03-07 21:15:37.734: [INFO] BookmarkNodeAdded, ABU: 0
2026-03-07 21:15:37.736: [INFO] BookmarkNodeAdded, ABU: 0
2026-03-07 21:15:37.737: [INFO] BookmarkNodeAdded, ABU: 0
2026-03-07 21:15:37.739: [INFO] BookmarkNodeAdded, ABU: 0
2026-03-07 21:15:37.739: [INFO] BookmarkModelLoaded, ids_reassigned: 0
2026-03-07 21:15:37.739: [INFO] OnDoneLoading sync enabled: 0
2026-03-07 21:23:30.093: [INFO] VisibilityChanged: 0
2026-03-07 21:23:30.254: [INFO] BookmarkNodeAdded, ABU: 0
2026-03-07 21:23:30.256: [INFO] BookmarkNodeAdded, ABU: 0
2026-03-07 21:23:30.257: [INFO] BookmarkNodeAdded, ABU: 0
2026-03-07 21:23:30.259: [INFO] BookmarkNodeAdded, ABU: 0
2026-03-07 21:23:30.260: [INFO] BookmarkNodeAdded, ABU: 0
2026-03-07 21:23:30.260: [INFO] BookmarkModelLoaded, ids_reassigned: 0
2026-03-07 21:23:30.261: [INFO] OnDoneLoading sync enabled: 0
2026-03-07 21:28:00.837: [INFO] VisibilityChanged: 0
2026-03-07 21:28:00.984: [INFO] BookmarkNodeAdded, ABU: 0
2026-03-07 21:28:00.985: [INFO] BookmarkNodeAdded, ABU: 0
2026-03-07 21:28:00.986: [INFO] BookmarkNodeAdded, ABU: 0
2026-03-07 21:28:00.988: [INFO] BookmarkNodeAdded, ABU: 0
2026-03-07 21:28:00.989: [INFO] BookmarkNodeAdded, ABU: 0
2026-03-07 21:28:00.989: [INFO] BookmarkModelLoaded, ids_reassigned: 0
2026-03-07 21:28:00.989: [INFO] OnDoneLoading sync enabled: 0
2026-03-07 21:47:56.790: [INFO] VisibilityChanged: 0
2026-03-07 21:47:56.957: [INFO] BookmarkNodeAdded, ABU: 0
2026-03-07 21:47:56.958: [INFO] BookmarkNodeAdded, ABU: 0
2026-03-07 21:47:56.960: [INFO] BookmarkNodeAdded, ABU: 0
2026-03-07 21:47:56.961: [INFO] BookmarkNodeAdded, ABU: 0
2026-03-07 21:47:56.962: [INFO] BookmarkNodeAdded, ABU: 0
2026-03-07 21:47:56.962: [INFO] BookmarkModelLoaded, ids_reassigned: 0
2026-03-07 21:47:56.962: [INFO] OnDoneLoading sync enabled: 0
2026-03-09 00:51:19.767: [INFO] VisibilityChanged: 0
2026-03-09 00:51:19.935: [INFO] BookmarkNodeAdded, ABU: 0
2026-03-09 00:51:19.937: [INFO] BookmarkNodeAdded, ABU: 0
2026-03-09 00:51:19.939: [INFO] BookmarkNodeAdded, ABU: 0
2026-03-09 00:51:19.940: [INFO] BookmarkNodeAdded, ABU: 0
2026-03-09 00:51:19.942: [INFO] BookmarkNodeAdded, ABU: 0
2026-03-09 00:51:19.942: [INFO] BookmarkModelLoaded, ids_reassigned: 0
2026-03-09 00:51:19.943: [INFO] OnDoneLoading sync enabled: 0
2026-03-09 01:39:48.357: [INFO] VisibilityChanged: 0
2026-03-09 01:39:48.510: [INFO] BookmarkNodeAdded, ABU: 0
2026-03-09 01:39:48.511: [INFO] BookmarkNodeAdded, ABU: 0
2026-03-09 01:39:48.512: [INFO] BookmarkNodeAdded, ABU: 0
2026-03-09 01:39:48.514: [INFO] BookmarkNodeAdded, ABU: 0
2026-03-09 01:39:48.515: [INFO] BookmarkNodeAdded, ABU: 0
2026-03-09 01:39:48.515: [INFO] BookmarkModelLoaded, ids_reassigned: 0
2026-03-09 01:39:48.515: [INFO] OnDoneLoading sync enabled: 0
2026-03-09 21:50:07.148: [INFO] VisibilityChanged: 0
2026-03-09 21:50:07.313: [INFO] BookmarkNodeAdded, ABU: 0
2026-03-09 21:50:07.314: [INFO] BookmarkNodeAdded, ABU: 0
2026-03-09 21:50:07.316: [INFO] BookmarkNodeAdded, ABU: 0
2026-03-09 21:50:07.317: [INFO] BookmarkNodeAdded, ABU: 0
2026-03-09 21:50:07.319: [INFO] BookmarkNodeAdded, ABU: 0
2026-03-09 21:50:07.319: [INFO] BookmarkModelLoaded, ids_reassigned: 0
2026-03-09 21:50:07.319: [INFO] OnDoneLoading sync enabled: 0
2026-03-09 21:57:52.161: [INFO] VisibilityChanged: 0
2026-03-09 21:57:52.314: [INFO] BookmarkNodeAdded, ABU: 0
2026-03-09 21:57:52.315: [INFO] BookmarkNodeAdded, ABU: 0
2026-03-09 21:57:52.316: [INFO] BookmarkNodeAdded, ABU: 0
2026-03-09 21:57:52.318: [INFO] BookmarkNodeAdded, ABU: 0
2026-03-09 21:57:52.319: [INFO] BookmarkNodeAdded, ABU: 0
2026-03-09 21:57:52.319: [INFO] BookmarkModelLoaded, ids_reassigned: 0
2026-03-09 21:57:52.319: [INFO] OnDoneLoading sync enabled: 0
2026-03-09 22:47:01.653: [INFO] VisibilityChanged: 0
2026-03-09 22:47:01.736: [INFO] BookmarkNodeAdded, ABU: 0
2026-03-09 22:47:01.737: [INFO] BookmarkNodeAdded, ABU: 0
2026-03-09 22:47:01.739: [INFO] BookmarkNodeAdded, ABU: 0
2026-03-09 22:47:01.740: [INFO] BookmarkNodeAdded, ABU: 0
2026-03-09 22:47:01.742: [INFO] BookmarkNodeAdded, ABU: 0
2026-03-09 22:47:01.742: [INFO] BookmarkModelLoaded, ids_reassigned: 0
2026-03-09 22:47:01.742: [INFO] OnDoneLoading sync enabled: 0
2026-03-09 23:51:36.447: [INFO] VisibilityChanged: 0
2026-03-09 23:51:36.588: [INFO] BookmarkNodeAdded, ABU: 0
2026-03-09 23:51:36.589: [INFO] BookmarkNodeAdded, ABU: 0
2026-03-09 23:51:36.591: [INFO] BookmarkNodeAdded, ABU: 0
2026-03-09 23:51:36.592: [INFO] BookmarkNodeAdded, ABU: 0
2026-03-09 23:51:36.593: [INFO] BookmarkNodeAdded, ABU: 0
2026-03-09 23:51:36.593: [INFO] BookmarkModelLoaded, ids_reassigned: 0
2026-03-09 23:51:36.593: [INFO] OnDoneLoading sync enabled: 0
2026-03-10 00:08:54.951: [INFO] VisibilityChanged: 0
2026-03-10 00:08:55.069: [INFO] BookmarkNodeAdded, ABU: 0
2026-03-10 00:08:55.071: [INFO] BookmarkNodeAdded, ABU: 0
2026-03-10 00:08:55.072: [INFO] BookmarkNodeAdded, ABU: 0
2026-03-10 00:08:55.074: [INFO] BookmarkNodeAdded, ABU: 0
2026-03-10 00:08:55.075: [INFO] BookmarkNodeAdded, ABU: 0
2026-03-10 00:08:55.075: [INFO] BookmarkModelLoaded, ids_reassigned: 0
2026-03-10 00:08:55.076: [INFO] OnDoneLoading sync enabled: 0
2026-03-10 00:24:04.682: [INFO] VisibilityChanged: 0
2026-03-10 00:24:04.811: [INFO] BookmarkNodeAdded, ABU: 0
2026-03-10 00:24:04.813: [INFO] BookmarkNodeAdded, ABU: 0
2026-03-10 00:24:04.814: [INFO] BookmarkNodeAdded, ABU: 0
2026-03-10 00:24:04.816: [INFO] BookmarkNodeAdded, ABU: 0
2026-03-10 00:24:04.818: [INFO] BookmarkNodeAdded, ABU: 0
2026-03-10 00:24:04.818: [INFO] BookmarkModelLoaded, ids_reassigned: 0
2026-03-10 00:24:04.819: [INFO] OnDoneLoading sync enabled: 0
2026-03-10 00:37:49.547: [INFO] VisibilityChanged: 0
2026-03-10 00:37:49.695: [INFO] BookmarkNodeAdded, ABU: 0
2026-03-10 00:37:49.696: [INFO] BookmarkNodeAdded, ABU: 0
2026-03-10 00:37:49.698: [INFO] BookmarkNodeAdded, ABU: 0
2026-03-10 00:37:49.700: [INFO] BookmarkNodeAdded, ABU: 0
2026-03-10 00:37:49.701: [INFO] BookmarkNodeAdded, ABU: 0
2026-03-10 00:37:49.701: [INFO] BookmarkModelLoaded, ids_reassigned: 0
2026-03-10 00:37:49.701: [INFO] OnDoneLoading sync enabled: 0
2026-03-10 00:48:21.667: [INFO] VisibilityChanged: 0
2026-03-10 00:48:21.893: [INFO] BookmarkNodeAdded, ABU: 0
2026-03-10 00:48:21.895: [INFO] BookmarkNodeAdded, ABU: 0
2026-03-10 00:48:21.896: [INFO] BookmarkNodeAdded, ABU: 0
2026-03-10 00:48:21.898: [INFO] BookmarkNodeAdded, ABU: 0
2026-03-10 00:48:21.899: [INFO] BookmarkNodeAdded, ABU: 0
2026-03-10 00:48:21.899: [INFO] BookmarkModelLoaded, ids_reassigned: 0
2026-03-10 00:48:21.899: [INFO] OnDoneLoading sync enabled: 0
2026-03-10 00:56:03.388: [INFO] VisibilityChanged: 0
2026-03-10 00:56:03.568: [INFO] BookmarkNodeAdded, ABU: 0
2026-03-10 00:56:03.569: [INFO] BookmarkNodeAdded, ABU: 0
2026-03-10 00:56:03.571: [INFO] BookmarkNodeAdded, ABU: 0
2026-03-10 00:56:03.572: [INFO] BookmarkNodeAdded, ABU: 0
2026-03-10 00:56:03.573: [INFO] BookmarkNodeAdded, ABU: 0
2026-03-10 00:56:03.573: [INFO] BookmarkModelLoaded, ids_reassigned: 0
2026-03-10 00:56:03.573: [INFO] OnDoneLoading sync enabled: 0
2026-03-10 01:07:14.019: [INFO] VisibilityChanged: 0
2026-03-10 01:07:14.186: [INFO] BookmarkNodeAdded, ABU: 0
2026-03-10 01:07:14.188: [INFO] BookmarkNodeAdded, ABU: 0
2026-03-10 01:07:14.190: [INFO] BookmarkNodeAdded, ABU: 0
2026-03-10 01:07:14.191: [INFO] BookmarkNodeAdded, ABU: 0
2026-03-10 01:07:14.193: [INFO] BookmarkNodeAdded, ABU: 0
2026-03-10 01:07:14.193: [INFO] BookmarkModelLoaded, ids_reassigned: 0
2026-03-10 01:07:14.193: [INFO] OnDoneLoading sync enabled: 0
2026-03-10 01:21:38.864: [INFO] VisibilityChanged: 0
2026-03-10 01:21:39.026: [INFO] BookmarkNodeAdded, ABU: 0
2026-03-10 01:21:39.028: [INFO] BookmarkNodeAdded, ABU: 0
2026-03-10 01:21:39.029: [INFO] BookmarkNodeAdded, ABU: 0
2026-03-10 01:21:39.030: [INFO] BookmarkNodeAdded, ABU: 0
2026-03-10 01:21:39.031: [INFO] BookmarkNodeAdded, ABU: 0
2026-03-10 01:21:39.031: [INFO] BookmarkModelLoaded, ids_reassigned: 0
2026-03-10 01:21:39.031: [INFO] OnDoneLoading sync enabled: 0
