{"logTime": "0228/053446", "correlationVector":"ZlBnabVRyGd+10iDCWhHl0.2","action":"Commit Response", "result":"Success", "context":Result: Success. cV=ZlBnabVRyGd+10iDCWhHl0.0;server=akswtt11100002r;cloudType=Consumer;environment=Prod_eastus2_prod-s01-050-nam-eastus2;migrationStage=NotStarted}
{"logTime": "0228/053448", "correlationVector":"yZs21/2K0h2CubRdjY4VUh","action":"Commit Request", "result":"", "context":Item count: 7
Contributing types: Preferences, Passwords}
{"logTime": "0228/053448", "correlationVector":"yZs21/2K0h2CubRdjY4VUh.1","action":"SyncServerConnectionManagerRequest", "result":"SYNC_SERVER_OK", "context":{"environment":"Prod_eastus2_prod-s01-050-nam-eastus2", "migrationStage":"NotStarted", "server":"akswtt11100002m"}}
{"logTime": "0228/053448", "correlationVector":"yZs21/2K0h2CubRdjY4VUh.2","action":"Commit Response", "result":"Success", "context":Result: Success. cV=yZs21/2K0h2CubRdjY4VUh.0;server=akswtt11100002m;cloudType=Consumer;environment=Prod_eastus2_prod-s01-050-nam-eastus2;migrationStage=NotStarted}
{"logTime": "0228/053601", "correlationVector":"yiXL6VLdf/PB0EDAwwurb0","action":"Commit Request", "result":"", "context":Item count: 2
Contributing types: Sessions, History}
{"logTime": "0228/053601", "correlationVector":"yiXL6VLdf/PB0EDAwwurb0.1","action":"SyncServerConnectionManagerRequest", "result":"SYNC_SERVER_OK", "context":{"environment":"Prod_eastus2_prod-s01-050-nam-eastus2", "migrationStage":"NotStarted", "server":"akswtt111000009"}}
{"logTime": "0228/053601", "correlationVector":"yiXL6VLdf/PB0EDAwwurb0.2","action":"Commit Response", "result":"Success", "context":Result: Success. cV=yiXL6VLdf/PB0EDAwwurb0.0;server=akswtt111000009;cloudType=Consumer;environment=Prod_eastus2_prod-s01-050-nam-eastus2;migrationStage=NotStarted}
{"logTime": "0228/054926", "correlationVector":"1ZMI7PCbtsFLylB8JC3Riw.1","action":"SyncServerConnectionManagerRequest", "result":"SYNC_SERVER_OK", "context":{"environment":"Prod_eastus2_prod-s01-050-nam-eastus2", "migrationStage":"NotStarted", "server":"akswtt111000005"}}
{"logTime": "0228/054926", "correlationVector":"1ZMI7PCbtsFLylB8JC3Riw.2","action":"ProcessGetUpdates", "result":"Done", "context":{"dataType":"Encryption Keys", "deleted":"0", "process_failed_to_decrypt":"0", "process_pending_decryption":"0", "process_success":"1", "total":"1"}}
{"logTime": "0228/054927", "correlationVector":"aJtC2Y01aOLcwbtPXl/FE/","action":"SyncServerConnectionManagerRequest", "result":"SYNC_SERVER_OK", "context":{"environment":"", "migrationStage":"", "server":""}}
{"logTime": "0228/054927", "correlationVector":"aJtC2Y01aOLcwbtPXl/FE/.0","action":"EncryptionKeysFetcher.DownloadKeys:", "result":"Success", "context":Key count: 10, Last key timestamp: 2025-12-10T08:38:35Z}
{"logTime": "0228/054927", "correlationVector":"aJtC2Y01aOLcwbtPXl/FE/.1","action":"EncryptionKeysManager::SetEncryptionKeys:", "result":"Success", "context":Key names[10]:[5P9vbmDqv3t0IfNlOxS57QyFgwsbnR1gXgIeOgmoaECiU2BGfDj7AwTDJM9DY2MXsra4INO31IrMz2F+hcAcVQ==][OOF/RoGiSUUpGSF1kapAnyMLyB0deRS306asqgxzjCBxy4y2MrnZ2fihC0aGXrAAW10WLzDHQMLnRQV5czDzRg==][Hmi4E29lpxqYhdpAgyOAVSuttdK+GEf2RcWwgZ2JKMRmk9M1tVZPKnVfYaNcxI5ir8P0AjYv4zJ8mihriyQomA==][uOpYlex56QTEPRZ9PPDfQl/65LBwGDhbNPtd3fbynKCl2OdCKl4W6vP4zji6Qda6yMWUfd/AIyaU9xzf4QCv6w==][zADDy2xfPy8l5EyH7ppoTRCYbmUPtr9MZcKRmc2lof54eIDSuBj8wH7hboTEmruS0agrjq/NVlBHmRiCnV2oyQ==][9NxfEcuTTVQue448b+R1W4Cq2szypueeaFkD8X09ntTkstPINbHnrUE0rrK3tyyrhr1CTIqecmFi7r/qqxEzjQ==][aNpsoQfUvOR0yNW1QTE6GsjpYZa2YCf4RU1n56tbtnj0sDg/fiNInOYzaNUYogAi/cZGTi/rUYzbF+ledtJ/wA==][VsFuQJJSNmeLSSaFLhxrTHbtfLkGNJdEn9cx3OkGkTRS9RfRo70unZp7GJXSnDfgex99iH/q4pqs2Lolyte0DA==][+p6QI7AgFZ0NpjHu6heGDNfDKXGD6QqxZz5C+TArB9ZSinHXDYpejuziUc/mS6NCqoENZVI91nNNVV0rrBRR/g==][Aov4FbRskOPtxnWRyMmmRA7yN5NQwAC4uSf2UbQEo5okWmBZKyeVktSL8jM44Mt/8H1R+0Dwd1rLirltXmXyew==]}
{"logTime": "0228/054927", "correlationVector":"aJtC2Y01aOLcwbtPXl/FE/.2","action":"EncryptionKeysManager::SetEncryptionKeysWithTimestamps:", "result":"Success", "context":Key timestamps[10]:[2022-02-16T18:29:10Z][2022-09-06T20:36:11Z][2023-03-11T23:17:29Z][2023-03-31T16:11:11Z][2023-10-08T06:40:11Z][2024-02-12T03:00:08Z][2024-04-28T01:00:44Z][2024-10-30T19:13:44Z][2025-06-12T16:40:17Z][2025-12-10T08:38:35Z]}
{"logTime": "0228/054927", "correlationVector":"1ZMI7PCbtsFLylB8JC3Riw","action":"Initial GetUpdates", "result":"", "context":Reason: NEW_CLIENT. cV=1ZMI7PCbtsFLylB8JC3Riw}
{"logTime": "0228/054927", "correlationVector":"1ZMI7PCbtsFLylB8JC3Riw.3","action":"GetUpdates Response", "result":"Success", "context":Received 1 update(s). cV=1ZMI7PCbtsFLylB8JC3Riw.0;server=akswtt111000005;cloudType=Consumer;environment=Prod_eastus2_prod-s01-050-nam-eastus2;migrationStage=NotStarted}
{"logTime": "0228/054927", "correlationVector":"BNrreFaWLe4Yf19Xqxasm3","action":"Initial GetUpdates", "result":"", "context":Reason: NEWLY_SUPPORTED_DATATYPE. cV=BNrreFaWLe4Yf19Xqxasm3}
{"logTime": "0228/054927", "correlationVector":"BNrreFaWLe4Yf19Xqxasm3.1","action":"SyncServerConnectionManagerRequest", "result":"SYNC_SERVER_OK", "context":{"environment":"Prod_eastus2_prod-s01-050-nam-eastus2", "migrationStage":"NotStarted", "server":"akswtt111000030"}}
{"logTime": "0228/054927", "correlationVector":"BNrreFaWLe4Yf19Xqxasm3.2","action":"ProcessGetUpdates", "result":"Done", "context":{"dataType":"Passwords", "deleted":"1", "process_failed_to_decrypt":"0", "process_pending_decryption":"0", "process_success":"10", "total":"10"}}
{"logTime": "0228/054927", "correlationVector":"BNrreFaWLe4Yf19Xqxasm3.3","action":"GetUpdates Response", "result":"Success", "context":Received 10 update(s). cV=BNrreFaWLe4Yf19Xqxasm3.0;server=akswtt111000030;cloudType=Consumer;environment=Prod_eastus2_prod-s01-050-nam-eastus2;migrationStage=NotStarted}
{"logTime": "0228/054927", "correlationVector":"6kq27kAc6MNobT4NJxvnG9","action":"Normal GetUpdate request", "result":"", "context":cV=6kq27kAc6MNobT4NJxvnG9
Nudged types: Sessions, Device Info, History
Refresh requested types: Bookmarks, Preferences, Passwords, Autofill Profiles, Autofill, Extensions, Sessions, Extension settings, History Delete Directives, Device Info, User Consents, Send Tab To Self, Web Apps, History, Saved Tab Group, WebAuthn Credentials, Collection, Edge E Drop, Edge Hub App Usage, Edge Wallet, Edge Workspace, Encryption Keys}
{"logTime": "0228/054927", "correlationVector":"6kq27kAc6MNobT4NJxvnG9.1","action":"SyncServerConnectionManagerRequest", "result":"SYNC_SERVER_OK", "context":{"environment":"Prod_eastus2_prod-s01-050-nam-eastus2", "migrationStage":"NotStarted", "server":"akswtt111000026"}}
{"logTime": "0228/054927", "correlationVector":"6kq27kAc6MNobT4NJxvnG9.2","action":"ProcessGetUpdates", "result":"Done", "context":{"dataType":"Preferences", "deleted":"0", "process_failed_to_decrypt":"0", "process_pending_decryption":"0", "process_success":"1", "total":"1"}}
{"logTime": "0228/054927", "correlationVector":"6kq27kAc6MNobT4NJxvnG9.3","action":"ProcessGetUpdates", "result":"Done", "context":{"dataType":"Sessions", "deleted":"0", "process_failed_to_decrypt":"0", "process_pending_decryption":"0", "process_success":"2", "total":"2"}}
{"logTime": "0228/054927", "correlationVector":"6kq27kAc6MNobT4NJxvnG9.4","action":"ProcessGetUpdates", "result":"Done", "context":{"dataType":"Device Info", "deleted":"0", "process_failed_to_decrypt":"0", "process_pending_decryption":"0", "process_success":"1", "total":"1"}}
{"logTime": "0228/054927", "correlationVector":"6kq27kAc6MNobT4NJxvnG9.5","action":"ProcessGetUpdates", "result":"Done", "context":{"dataType":"History", "deleted":"0", "process_failed_to_decrypt":"0", "process_pending_decryption":"0", "process_success":"3", "total":"3"}}
{"logTime": "0228/054927", "correlationVector":"6kq27kAc6MNobT4NJxvnG9.6","action":"GetUpdates Response", "result":"Success", "context":Received 7 update(s). cV=6kq27kAc6MNobT4NJxvnG9.0;server=akswtt111000026;cloudType=Consumer;environment=Prod_eastus2_prod-s01-050-nam-eastus2;migrationStage=NotStarted}
{"logTime": "0228/054927", "correlationVector":"a6T3bnrEwPlWdBVW9DrN3n","action":"Commit Request", "result":"", "context":Item count: 5
Contributing types: Sessions, Device Info, History}
{"logTime": "0228/054928", "correlationVector":"a6T3bnrEwPlWdBVW9DrN3n.1","action":"SyncServerConnectionManagerRequest", "result":"SYNC_SERVER_OK", "context":{"environment":"Prod_eastus2_prod-s01-050-nam-eastus2", "migrationStage":"NotStarted", "server":"akswtt111000007"}}
{"logTime": "0228/054928", "correlationVector":"a6T3bnrEwPlWdBVW9DrN3n.3","action":"Commit.Sessions", "result":"Success", "context":{"id":"874b3000-2326-4958-b7d5-076f9f5d8a44", "isDeleted":"true", "size":"0", "version":"1772256961198"}}
{"logTime": "0228/054928", "correlationVector":"a6T3bnrEwPlWdBVW9DrN3n.2","action":"Commit Response", "result":"Success", "context":Result: Success. cV=a6T3bnrEwPlWdBVW9DrN3n.0;server=akswtt111000007;cloudType=Consumer;environment=Prod_eastus2_prod-s01-050-nam-eastus2;migrationStage=NotStarted}
{"logTime": "0228/054929", "correlationVector":"w3L8kADDeorbvNjd0uYoGy","action":"Commit Request", "result":"", "context":Item count: 7
Contributing types: Preferences, Passwords}
{"logTime": "0228/054929", "correlationVector":"w3L8kADDeorbvNjd0uYoGy.1","action":"SyncServerConnectionManagerRequest", "result":"SYNC_SERVER_OK", "context":{"environment":"Prod_eastus2_prod-s01-050-nam-eastus2", "migrationStage":"NotStarted", "server":"akswtt111000009"}}
{"logTime": "0228/054929", "correlationVector":"w3L8kADDeorbvNjd0uYoGy.2","action":"Commit Response", "result":"Success", "context":Result: Success. cV=w3L8kADDeorbvNjd0uYoGy.0;server=akswtt111000009;cloudType=Consumer;environment=Prod_eastus2_prod-s01-050-nam-eastus2;migrationStage=NotStarted}
{"logTime": "0228/055000", "correlationVector":"LEt9xHghzaeOnQ0G3E+Wky","action":"Commit Request", "result":"", "context":Item count: 5
Contributing types: Preferences, Sessions, History}
{"logTime": "0228/055000", "correlationVector":"LEt9xHghzaeOnQ0G3E+Wky.1","action":"SyncServerConnectionManagerRequest", "result":"SYNC_SERVER_OK", "context":{"environment":"Prod_eastus2_prod-s01-050-nam-eastus2", "migrationStage":"NotStarted", "server":"akswtt111000026"}}
{"logTime": "0228/055000", "correlationVector":"LEt9xHghzaeOnQ0G3E+Wky.2","action":"Commit Response", "result":"Success", "context":Result: Success. cV=LEt9xHghzaeOnQ0G3E+Wky.0;server=akswtt111000026;cloudType=Consumer;environment=Prod_eastus2_prod-s01-050-nam-eastus2;migrationStage=NotStarted}
{"logTime": "0228/055102", "correlationVector":"ow/I+jh7ZQdKf4erZJagjw","action":"Commit Request", "result":"", "context":Item count: 5
Contributing types: Sessions, History}
{"logTime": "0228/055103", "correlationVector":"ow/I+jh7ZQdKf4erZJagjw.1","action":"SyncServerConnectionManagerRequest", "result":"SYNC_SERVER_OK", "context":{"environment":"Prod_eastus2_prod-s01-050-nam-eastus2", "migrationStage":"NotStarted", "server":"akswtt111000007"}}
{"logTime": "0228/055103", "correlationVector":"ow/I+jh7ZQdKf4erZJagjw.2","action":"Commit Response", "result":"Success", "context":Result: Success. cV=ow/I+jh7ZQdKf4erZJagjw.0;server=akswtt111000007;cloudType=Consumer;environment=Prod_eastus2_prod-s01-050-nam-eastus2;migrationStage=NotStarted}
{"logTime": "0228/060145", "correlationVector":"2QCVDWh9fEyHMviUr8Gxfr.1","action":"SyncServerConnectionManagerRequest", "result":"SYNC_SERVER_OK", "context":{"environment":"Prod_eastus2_prod-s01-050-nam-eastus2", "migrationStage":"NotStarted", "server":"akswtt111000007"}}
{"logTime": "0228/060145", "correlationVector":"2QCVDWh9fEyHMviUr8Gxfr.2","action":"ProcessGetUpdates", "result":"Done", "context":{"dataType":"Encryption Keys", "deleted":"0", "process_failed_to_decrypt":"0", "process_pending_decryption":"0", "process_success":"1", "total":"1"}}
{"logTime": "0228/060146", "correlationVector":"p4AwHzYT0/gTFBjShq8jAW","action":"SyncServerConnectionManagerRequest", "result":"SYNC_SERVER_OK", "context":{"environment":"", "migrationStage":"", "server":""}}
{"logTime": "0228/060146", "correlationVector":"p4AwHzYT0/gTFBjShq8jAW.0","action":"EncryptionKeysFetcher.DownloadKeys:", "result":"Success", "context":Key count: 10, Last key timestamp: 2025-12-10T08:38:35Z}
{"logTime": "0228/060146", "correlationVector":"p4AwHzYT0/gTFBjShq8jAW.1","action":"EncryptionKeysManager::SetEncryptionKeys:", "result":"Success", "context":Key names[10]:[5P9vbmDqv3t0IfNlOxS57QyFgwsbnR1gXgIeOgmoaECiU2BGfDj7AwTDJM9DY2MXsra4INO31IrMz2F+hcAcVQ==][OOF/RoGiSUUpGSF1kapAnyMLyB0deRS306asqgxzjCBxy4y2MrnZ2fihC0aGXrAAW10WLzDHQMLnRQV5czDzRg==][Hmi4E29lpxqYhdpAgyOAVSuttdK+GEf2RcWwgZ2JKMRmk9M1tVZPKnVfYaNcxI5ir8P0AjYv4zJ8mihriyQomA==][uOpYlex56QTEPRZ9PPDfQl/65LBwGDhbNPtd3fbynKCl2OdCKl4W6vP4zji6Qda6yMWUfd/AIyaU9xzf4QCv6w==][zADDy2xfPy8l5EyH7ppoTRCYbmUPtr9MZcKRmc2lof54eIDSuBj8wH7hboTEmruS0agrjq/NVlBHmRiCnV2oyQ==][9NxfEcuTTVQue448b+R1W4Cq2szypueeaFkD8X09ntTkstPINbHnrUE0rrK3tyyrhr1CTIqecmFi7r/qqxEzjQ==][aNpsoQfUvOR0yNW1QTE6GsjpYZa2YCf4RU1n56tbtnj0sDg/fiNInOYzaNUYogAi/cZGTi/rUYzbF+ledtJ/wA==][VsFuQJJSNmeLSSaFLhxrTHbtfLkGNJdEn9cx3OkGkTRS9RfRo70unZp7GJXSnDfgex99iH/q4pqs2Lolyte0DA==][+p6QI7AgFZ0NpjHu6heGDNfDKXGD6QqxZz5C+TArB9ZSinHXDYpejuziUc/mS6NCqoENZVI91nNNVV0rrBRR/g==][Aov4FbRskOPtxnWRyMmmRA7yN5NQwAC4uSf2UbQEo5okWmBZKyeVktSL8jM44Mt/8H1R+0Dwd1rLirltXmXyew==]}
{"logTime": "0228/060146", "correlationVector":"p4AwHzYT0/gTFBjShq8jAW.2","action":"EncryptionKeysManager::SetEncryptionKeysWithTimestamps:", "result":"Success", "context":Key timestamps[10]:[2022-02-16T18:29:10Z][2022-09-06T20:36:11Z][2023-03-11T23:17:29Z][2023-03-31T16:11:11Z][2023-10-08T06:40:11Z][2024-02-12T03:00:08Z][2024-04-28T01:00:44Z][2024-10-30T19:13:44Z][2025-06-12T16:40:17Z][2025-12-10T08:38:35Z]}
{"logTime": "0228/060146", "correlationVector":"2QCVDWh9fEyHMviUr8Gxfr","action":"Initial GetUpdates", "result":"", "context":Reason: NEW_CLIENT. cV=2QCVDWh9fEyHMviUr8Gxfr}
{"logTime": "0228/060146", "correlationVector":"2QCVDWh9fEyHMviUr8Gxfr.3","action":"GetUpdates Response", "result":"Success", "context":Received 1 update(s). cV=2QCVDWh9fEyHMviUr8Gxfr.0;server=akswtt111000007;cloudType=Consumer;environment=Prod_eastus2_prod-s01-050-nam-eastus2;migrationStage=NotStarted}
{"logTime": "0228/060146", "correlationVector":"3ZAHHbMcMZVIfZkSgiscOI","action":"Initial GetUpdates", "result":"", "context":Reason: NEWLY_SUPPORTED_DATATYPE. cV=3ZAHHbMcMZVIfZkSgiscOI}
{"logTime": "0228/060147", "correlationVector":"3ZAHHbMcMZVIfZkSgiscOI.1","action":"SyncServerConnectionManagerRequest", "result":"SYNC_SERVER_OK", "context":{"environment":"Prod_eastus2_prod-s01-050-nam-eastus2", "migrationStage":"NotStarted", "server":"akswtt111000007"}}
{"logTime": "0228/060147", "correlationVector":"3ZAHHbMcMZVIfZkSgiscOI.2","action":"ProcessGetUpdates", "result":"Done", "context":{"dataType":"Preferences", "deleted":"1", "process_failed_to_decrypt":"0", "process_pending_decryption":"0", "process_success":"69", "total":"69"}}
{"logTime": "0228/060147", "correlationVector":"3ZAHHbMcMZVIfZkSgiscOI.3","action":"ProcessGetUpdates", "result":"Done", "context":{"dataType":"Passwords", "deleted":"1", "process_failed_to_decrypt":"0", "process_pending_decryption":"0", "process_success":"10", "total":"10"}}
{"logTime": "0228/060147", "correlationVector":"3ZAHHbMcMZVIfZkSgiscOI.4","action":"ProcessGetUpdates", "result":"Done", "context":{"dataType":"Device Info", "deleted":"0", "process_failed_to_decrypt":"0", "process_pending_decryption":"0", "process_success":"35", "total":"35"}}
{"logTime": "0228/060147", "correlationVector":"3ZAHHbMcMZVIfZkSgiscOI.5","action":"GetUpdates Response", "result":"Success", "context":Received 114 update(s). cV=3ZAHHbMcMZVIfZkSgiscOI.0;server=akswtt111000007;cloudType=Consumer;environment=Prod_eastus2_prod-s01-050-nam-eastus2;migrationStage=NotStarted}
{"logTime": "0228/060147", "correlationVector":"yd4g2iIe0lxgjAU0e8J57w","action":"Initial GetUpdates", "result":"", "context":Reason: NEWLY_SUPPORTED_DATATYPE. cV=yd4g2iIe0lxgjAU0e8J57w}
{"logTime": "0228/060147", "correlationVector":"yd4g2iIe0lxgjAU0e8J57w.1","action":"SyncServerConnectionManagerRequest", "result":"SYNC_SERVER_OK", "context":{"environment":"Prod_eastus2_prod-s01-050-nam-eastus2", "migrationStage":"NotStarted", "server":"akswtt111000004"}}
{"logTime": "0228/060147", "correlationVector":"yd4g2iIe0lxgjAU0e8J57w.2","action":"ProcessGetUpdates", "result":"Done", "context":{"dataType":"Bookmarks", "deleted":"0", "process_failed_to_decrypt":"0", "process_pending_decryption":"0", "process_success":"11", "total":"11"}}
{"logTime": "0228/060147", "correlationVector":"yd4g2iIe0lxgjAU0e8J57w.3","action":"GetUpdates Response", "result":"Success", "context":Received 11 update(s). cV=yd4g2iIe0lxgjAU0e8J57w.0;server=akswtt111000004;cloudType=Consumer;environment=Prod_eastus2_prod-s01-050-nam-eastus2;migrationStage=NotStarted}
{"logTime": "0228/060147", "correlationVector":"VFewG+hw9hIkN46IMQ1gHc","action":"Initial GetUpdates", "result":"", "context":Reason: NEWLY_SUPPORTED_DATATYPE. cV=VFewG+hw9hIkN46IMQ1gHc}
{"logTime": "0228/060147", "correlationVector":"VFewG+hw9hIkN46IMQ1gHc.1","action":"SyncServerConnectionManagerRequest", "result":"SYNC_SERVER_OK", "context":{"environment":"Prod_eastus2_prod-s01-050-nam-eastus2", "migrationStage":"NotStarted", "server":"akswtt11100002k"}}
{"logTime": "0228/060147", "correlationVector":"VFewG+hw9hIkN46IMQ1gHc.2","action":"ProcessGetUpdates", "result":"Done", "context":{"dataType":"Autofill Profiles", "deleted":"0", "process_failed_to_decrypt":"0", "process_pending_decryption":"0", "process_success":"1", "total":"1"}}
{"logTime": "0228/060147", "correlationVector":"VFewG+hw9hIkN46IMQ1gHc.3","action":"ProcessGetUpdates", "result":"Done", "context":{"dataType":"Autofill", "deleted":"0", "process_failed_to_decrypt":"0", "process_pending_decryption":"0", "process_success":"20", "total":"20"}}
{"logTime": "0228/060147", "correlationVector":"VFewG+hw9hIkN46IMQ1gHc.4","action":"ProcessGetUpdates", "result":"Done", "context":{"dataType":"Sessions", "deleted":"139", "process_failed_to_decrypt":"0", "process_pending_decryption":"0", "process_success":"154", "total":"154"}}
{"logTime": "0228/060147", "correlationVector":"VFewG+hw9hIkN46IMQ1gHc.5","action":"ProcessGetUpdates", "result":"Done", "context":{"dataType":"Edge Hub App Usage", "deleted":"3", "process_failed_to_decrypt":"0", "process_pending_decryption":"0", "process_success":"21", "total":"21"}}
{"logTime": "0228/060147", "correlationVector":"VFewG+hw9hIkN46IMQ1gHc.6","action":"GetUpdates Response", "result":"Success", "context":Received 196 update(s). cV=VFewG+hw9hIkN46IMQ1gHc.0;server=akswtt11100002k;cloudType=Consumer;environment=Prod_eastus2_prod-s01-050-nam-eastus2;migrationStage=NotStarted}
{"logTime": "0228/060147", "correlationVector":"ZMZ6YmnsVG/+lvK64p0P2M","action":"Initial GetUpdates", "result":"", "context":Reason: NEWLY_SUPPORTED_DATATYPE. cV=ZMZ6YmnsVG/+lvK64p0P2M}
{"logTime": "0228/060148", "correlationVector":"ZMZ6YmnsVG/+lvK64p0P2M.1","action":"SyncServerConnectionManagerRequest", "result":"SYNC_SERVER_OK", "context":{"environment":"Prod_eastus2_prod-s01-050-nam-eastus2", "migrationStage":"NotStarted", "server":"akswtt11100000e"}}
{"logTime": "0228/060148", "correlationVector":"ZMZ6YmnsVG/+lvK64p0P2M.2","action":"ProcessGetUpdates", "result":"Done", "context":{"dataType":"History", "deleted":"0", "process_failed_to_decrypt":"0", "process_pending_decryption":"0", "process_success":"181", "total":"181"}}
{"logTime": "0228/060148", "correlationVector":"ZMZ6YmnsVG/+lvK64p0P2M.3","action":"GetUpdates Response", "result":"Success", "context":Received 181 update(s). cV=ZMZ6YmnsVG/+lvK64p0P2M.0;server=akswtt11100000e;cloudType=Consumer;environment=Prod_eastus2_prod-s01-050-nam-eastus2;migrationStage=NotStarted}
{"logTime": "0228/060148", "correlationVector":"zFp+tiV1uZZnfU9Z0k1PwT","action":"Normal GetUpdate request", "result":"", "context":cV=zFp+tiV1uZZnfU9Z0k1PwT
Nudged types: Sessions, Device Info
Refresh requested types: Bookmarks, Preferences, Passwords, Autofill Profiles, Autofill, Extensions, Sessions, Extension settings, History Delete Directives, Device Info, User Consents, Send Tab To Self, Web Apps, History, Saved Tab Group, WebAuthn Credentials, Collection, Edge E Drop, Edge Hub App Usage, Edge Wallet, Edge Workspace, Encryption Keys}
{"logTime": "0228/060148", "correlationVector":"zFp+tiV1uZZnfU9Z0k1PwT.1","action":"SyncServerConnectionManagerRequest", "result":"SYNC_SERVER_OK", "context":{"environment":"Prod_eastus2_prod-s01-050-nam-eastus2", "migrationStage":"NotStarted", "server":"akswtt111000007"}}
{"logTime": "0228/060148", "correlationVector":"zFp+tiV1uZZnfU9Z0k1PwT.2","action":"GetUpdates Response", "result":"Success", "context":Received 0 update(s). cV=zFp+tiV1uZZnfU9Z0k1PwT.0;server=akswtt111000007;cloudType=Consumer;environment=Prod_eastus2_prod-s01-050-nam-eastus2;migrationStage=NotStarted}
{"logTime": "0228/060148", "correlationVector":"HqSkxKaR03Ir3bcSa/OhRE","action":"Commit Request", "result":"", "context":Item count: 3
Contributing types: Sessions, Device Info}
{"logTime": "0228/060148", "correlationVector":"HqSkxKaR03Ir3bcSa/OhRE.1","action":"SyncServerConnectionManagerRequest", "result":"SYNC_SERVER_OK", "context":{"environment":"Prod_eastus2_prod-s01-050-nam-eastus2", "migrationStage":"NotStarted", "server":"akswtt11100002z"}}
{"logTime": "0228/060148", "correlationVector":"HqSkxKaR03Ir3bcSa/OhRE.2","action":"Commit Response", "result":"Success", "context":Result: Success. cV=HqSkxKaR03Ir3bcSa/OhRE.0;server=akswtt11100002z;cloudType=Consumer;environment=Prod_eastus2_prod-s01-050-nam-eastus2;migrationStage=NotStarted}
{"logTime": "0228/060149", "correlationVector":"u4tTsQ8JXF4ELjz80sv+SS","action":"Commit Request", "result":"", "context":Item count: 7
Contributing types: Preferences, Passwords}
{"logTime": "0228/060149", "correlationVector":"u4tTsQ8JXF4ELjz80sv+SS.1","action":"SyncServerConnectionManagerRequest", "result":"SYNC_SERVER_OK", "context":{"environment":"Prod_eastus2_prod-s01-050-nam-eastus2", "migrationStage":"NotStarted", "server":"akswtt11100000a"}}
{"logTime": "0228/060149", "correlationVector":"u4tTsQ8JXF4ELjz80sv+SS.2","action":"Commit Response", "result":"Success", "context":Result: Success. cV=u4tTsQ8JXF4ELjz80sv+SS.0;server=akswtt11100000a;cloudType=Consumer;environment=Prod_eastus2_prod-s01-050-nam-eastus2;migrationStage=NotStarted}
{"logTime": "0228/060252", "correlationVector":"lzuny9lL4Y4BF/LIWwoPyf","action":"Commit Request", "result":"", "context":Item count: 4
Contributing types: Sessions, History}
{"logTime": "0228/060252", "correlationVector":"lzuny9lL4Y4BF/LIWwoPyf.1","action":"SyncServerConnectionManagerRequest", "result":"SYNC_SERVER_OK", "context":{"environment":"Prod_eastus2_prod-s01-050-nam-eastus2", "migrationStage":"NotStarted", "server":"akswtt11100002z"}}
{"logTime": "0228/060252", "correlationVector":"lzuny9lL4Y4BF/LIWwoPyf.2","action":"Commit Response", "result":"Success", "context":Result: Success. cV=lzuny9lL4Y4BF/LIWwoPyf.0;server=akswtt11100002z;cloudType=Consumer;environment=Prod_eastus2_prod-s01-050-nam-eastus2;migrationStage=NotStarted}
{"logTime": "0228/060453", "correlationVector":"xt5tqdly4dY6SK11o240T3.1","action":"SyncServerConnectionManagerRequest", "result":"SYNC_SERVER_OK", "context":{"environment":"Prod_eastus2_prod-s01-050-nam-eastus2", "migrationStage":"NotStarted", "server":"akswtt11100003a"}}
{"logTime": "0228/060453", "correlationVector":"xt5tqdly4dY6SK11o240T3.2","action":"ProcessGetUpdates", "result":"Done", "context":{"dataType":"Encryption Keys", "deleted":"0", "process_failed_to_decrypt":"0", "process_pending_decryption":"0", "process_success":"1", "total":"1"}}
{"logTime": "0228/060453", "correlationVector":"PWbwS4hJEUckls/hm9vfsR","action":"SyncServerConnectionManagerRequest", "result":"SYNC_SERVER_OK", "context":{"environment":"", "migrationStage":"", "server":""}}
{"logTime": "0228/060453", "correlationVector":"PWbwS4hJEUckls/hm9vfsR.0","action":"EncryptionKeysFetcher.DownloadKeys:", "result":"Success", "context":Key count: 10, Last key timestamp: 2025-12-10T08:38:35Z}
{"logTime": "0228/060453", "correlationVector":"PWbwS4hJEUckls/hm9vfsR.1","action":"EncryptionKeysManager::SetEncryptionKeys:", "result":"Success", "context":Key names[10]:[5P9vbmDqv3t0IfNlOxS57QyFgwsbnR1gXgIeOgmoaECiU2BGfDj7AwTDJM9DY2MXsra4INO31IrMz2F+hcAcVQ==][OOF/RoGiSUUpGSF1kapAnyMLyB0deRS306asqgxzjCBxy4y2MrnZ2fihC0aGXrAAW10WLzDHQMLnRQV5czDzRg==][Hmi4E29lpxqYhdpAgyOAVSuttdK+GEf2RcWwgZ2JKMRmk9M1tVZPKnVfYaNcxI5ir8P0AjYv4zJ8mihriyQomA==][uOpYlex56QTEPRZ9PPDfQl/65LBwGDhbNPtd3fbynKCl2OdCKl4W6vP4zji6Qda6yMWUfd/AIyaU9xzf4QCv6w==][zADDy2xfPy8l5EyH7ppoTRCYbmUPtr9MZcKRmc2lof54eIDSuBj8wH7hboTEmruS0agrjq/NVlBHmRiCnV2oyQ==][9NxfEcuTTVQue448b+R1W4Cq2szypueeaFkD8X09ntTkstPINbHnrUE0rrK3tyyrhr1CTIqecmFi7r/qqxEzjQ==][aNpsoQfUvOR0yNW1QTE6GsjpYZa2YCf4RU1n56tbtnj0sDg/fiNInOYzaNUYogAi/cZGTi/rUYzbF+ledtJ/wA==][VsFuQJJSNmeLSSaFLhxrTHbtfLkGNJdEn9cx3OkGkTRS9RfRo70unZp7GJXSnDfgex99iH/q4pqs2Lolyte0DA==][+p6QI7AgFZ0NpjHu6heGDNfDKXGD6QqxZz5C+TArB9ZSinHXDYpejuziUc/mS6NCqoENZVI91nNNVV0rrBRR/g==][Aov4FbRskOPtxnWRyMmmRA7yN5NQwAC4uSf2UbQEo5okWmBZKyeVktSL8jM44Mt/8H1R+0Dwd1rLirltXmXyew==]}
{"logTime": "0228/060453", "correlationVector":"PWbwS4hJEUckls/hm9vfsR.2","action":"EncryptionKeysManager::SetEncryptionKeysWithTimestamps:", "result":"Success", "context":Key timestamps[10]:[2022-02-16T18:29:10Z][2022-09-06T20:36:11Z][2023-03-11T23:17:29Z][2023-03-31T16:11:11Z][2023-10-08T06:40:11Z][2024-02-12T03:00:08Z][2024-04-28T01:00:44Z][2024-10-30T19:13:44Z][2025-06-12T16:40:17Z][2025-12-10T08:38:35Z]}
{"logTime": "0228/060453", "correlationVector":"xt5tqdly4dY6SK11o240T3","action":"Initial GetUpdates", "result":"", "context":Reason: NEW_CLIENT. cV=xt5tqdly4dY6SK11o240T3}
{"logTime": "0228/060453", "correlationVector":"xt5tqdly4dY6SK11o240T3.3","action":"GetUpdates Response", "result":"Success", "context":Received 1 update(s). cV=xt5tqdly4dY6SK11o240T3.0;server=akswtt11100003a;cloudType=Consumer;environment=Prod_eastus2_prod-s01-050-nam-eastus2;migrationStage=NotStarted}
{"logTime": "0228/060453", "correlationVector":"JIDSIi04CCDgkwZSxtVnb/","action":"Initial GetUpdates", "result":"", "context":Reason: NEWLY_SUPPORTED_DATATYPE. cV=JIDSIi04CCDgkwZSxtVnb/}
{"logTime": "0228/060453", "correlationVector":"JIDSIi04CCDgkwZSxtVnb/.1","action":"SyncServerConnectionManagerRequest", "result":"SYNC_SERVER_OK", "context":{"environment":"Prod_eastus2_prod-s01-050-nam-eastus2", "migrationStage":"NotStarted", "server":"akswtt11100003a"}}
{"logTime": "0228/060453", "correlationVector":"JIDSIi04CCDgkwZSxtVnb/.2","action":"ProcessGetUpdates", "result":"Done", "context":{"dataType":"Passwords", "deleted":"1", "process_failed_to_decrypt":"0", "process_pending_decryption":"0", "process_success":"10", "total":"10"}}
{"logTime": "0228/060453", "correlationVector":"JIDSIi04CCDgkwZSxtVnb/.3","action":"GetUpdates Response", "result":"Success", "context":Received 10 update(s). cV=JIDSIi04CCDgkwZSxtVnb/.0;server=akswtt11100003a;cloudType=Consumer;environment=Prod_eastus2_prod-s01-050-nam-eastus2;migrationStage=NotStarted}
{"logTime": "0228/060453", "correlationVector":"Dj8OOsEaJbEEznqGFSx39E","action":"Normal GetUpdate request", "result":"", "context":cV=Dj8OOsEaJbEEznqGFSx39E
Nudged types: Sessions, Device Info, History
Refresh requested types: Bookmarks, Preferences, Passwords, Autofill Profiles, Autofill, Extensions, Sessions, Extension settings, History Delete Directives, Device Info, User Consents, Send Tab To Self, Web Apps, History, Saved Tab Group, WebAuthn Credentials, Collection, Edge E Drop, Edge Hub App Usage, Edge Wallet, Edge Workspace, Encryption Keys}
{"logTime": "0228/060454", "correlationVector":"Dj8OOsEaJbEEznqGFSx39E.1","action":"SyncServerConnectionManagerRequest", "result":"SYNC_SERVER_OK", "context":{"environment":"Prod_eastus2_prod-s01-050-nam-eastus2", "migrationStage":"NotStarted", "server":"akswtt11100002w"}}
{"logTime": "0228/060454", "correlationVector":"Dj8OOsEaJbEEznqGFSx39E.2","action":"ProcessGetUpdates", "result":"Done", "context":{"dataType":"Preferences", "deleted":"0", "process_failed_to_decrypt":"0", "process_pending_decryption":"0", "process_success":"1", "total":"1"}}
{"logTime": "0228/060454", "correlationVector":"Dj8OOsEaJbEEznqGFSx39E.3","action":"ProcessGetUpdates", "result":"Done", "context":{"dataType":"Sessions", "deleted":"0", "process_failed_to_decrypt":"0", "process_pending_decryption":"0", "process_success":"2", "total":"2"}}
{"logTime": "0228/060454", "correlationVector":"Dj8OOsEaJbEEznqGFSx39E.4","action":"ProcessGetUpdates", "result":"Done", "context":{"dataType":"Device Info", "deleted":"0", "process_failed_to_decrypt":"0", "process_pending_decryption":"0", "process_success":"1", "total":"1"}}
{"logTime": "0228/060454", "correlationVector":"Dj8OOsEaJbEEznqGFSx39E.5","action":"ProcessGetUpdates", "result":"Done", "context":{"dataType":"History", "deleted":"0", "process_failed_to_decrypt":"0", "process_pending_decryption":"0", "process_success":"3", "total":"3"}}
{"logTime": "0228/060454", "correlationVector":"Dj8OOsEaJbEEznqGFSx39E.6","action":"GetUpdates Response", "result":"Success", "context":Received 7 update(s). cV=Dj8OOsEaJbEEznqGFSx39E.0;server=akswtt11100002w;cloudType=Consumer;environment=Prod_eastus2_prod-s01-050-nam-eastus2;migrationStage=NotStarted}
{"logTime": "0228/060454", "correlationVector":"Bht7/9z5BlV2c0DDLbfr+K","action":"Commit Request", "result":"", "context":Item count: 8
Contributing types: Sessions, Device Info, History}
{"logTime": "0228/060454", "correlationVector":"Bht7/9z5BlV2c0DDLbfr+K.1","action":"SyncServerConnectionManagerRequest", "result":"SYNC_SERVER_OK", "context":{"environment":"Prod_eastus2_prod-s01-050-nam-eastus2", "migrationStage":"NotStarted", "server":"akswtt111000007"}}
{"logTime": "0228/060454", "correlationVector":"Bht7/9z5BlV2c0DDLbfr+K.2","action":"Commit Response", "result":"Success", "context":Result: Success. cV=Bht7/9z5BlV2c0DDLbfr+K.0;server=akswtt111000007;cloudType=Consumer;environment=Prod_eastus2_prod-s01-050-nam-eastus2;migrationStage=NotStarted}
{"logTime": "0228/060455", "correlationVector":"vwXKPBS0JFbvXo1+/CAgYQ","action":"Commit Request", "result":"", "context":Item count: 7
Contributing types: Preferences, Passwords}
{"logTime": "0228/060456", "correlationVector":"vwXKPBS0JFbvXo1+/CAgYQ.1","action":"SyncServerConnectionManagerRequest", "result":"SYNC_SERVER_OK", "context":{"environment":"Prod_eastus2_prod-s01-050-nam-eastus2", "migrationStage":"NotStarted", "server":"akswtt11100000l"}}
{"logTime": "0228/060456", "correlationVector":"vwXKPBS0JFbvXo1+/CAgYQ.2","action":"Commit Response", "result":"Success", "context":Result: Success. cV=vwXKPBS0JFbvXo1+/CAgYQ.0;server=akswtt11100000l;cloudType=Consumer;environment=Prod_eastus2_prod-s01-050-nam-eastus2;migrationStage=NotStarted}
{"logTime": "0228/060558", "correlationVector":"pldEpiEnC031o1QNSRXusl","action":"Commit Request", "result":"", "context":Item count: 5
Contributing types: Sessions, History}
{"logTime": "0228/060559", "correlationVector":"pldEpiEnC031o1QNSRXusl.1","action":"SyncServerConnectionManagerRequest", "result":"SYNC_SERVER_OK", "context":{"environment":"Prod_eastus2_prod-s01-050-nam-eastus2", "migrationStage":"NotStarted", "server":"akswtt11100000l"}}
{"logTime": "0228/060559", "correlationVector":"pldEpiEnC031o1QNSRXusl.3","action":"Commit.Sessions", "result":"Success", "context":{"id":"c200d3d0-55f8-4697-af94-d8e21b9cb8c9", "isDeleted":"true", "size":"0", "version":"1772258694245"}}
{"logTime": "0228/060559", "correlationVector":"pldEpiEnC031o1QNSRXusl.2","action":"Commit Response", "result":"Success", "context":Result: Success. cV=pldEpiEnC031o1QNSRXusl.0;server=akswtt11100000l;cloudType=Consumer;environment=Prod_eastus2_prod-s01-050-nam-eastus2;migrationStage=NotStarted}
{"logTime": "0228/060757", "correlationVector":"5cluIu82AvH4pb5tBbpWrI.1","action":"SyncServerConnectionManagerRequest", "result":"SYNC_SERVER_OK", "context":{"environment":"Prod_eastus2_prod-s01-050-nam-eastus2", "migrationStage":"NotStarted", "server":"akswtt111000034"}}
{"logTime": "0228/060757", "correlationVector":"5cluIu82AvH4pb5tBbpWrI.2","action":"ProcessGetUpdates", "result":"Done", "context":{"dataType":"Encryption Keys", "deleted":"0", "process_failed_to_decrypt":"0", "process_pending_decryption":"0", "process_success":"1", "total":"1"}}
{"logTime": "0228/060758", "correlationVector":"2H6jl6hjYZXIw8uYyVgcbZ","action":"SyncServerConnectionManagerRequest", "result":"SYNC_SERVER_OK", "context":{"environment":"", "migrationStage":"", "server":""}}
{"logTime": "0228/060758", "correlationVector":"2H6jl6hjYZXIw8uYyVgcbZ.0","action":"EncryptionKeysFetcher.DownloadKeys:", "result":"Success", "context":Key count: 10, Last key timestamp: 2025-12-10T08:38:35Z}
{"logTime": "0228/060758", "correlationVector":"2H6jl6hjYZXIw8uYyVgcbZ.1","action":"EncryptionKeysManager::SetEncryptionKeys:", "result":"Success", "context":Key names[10]:[5P9vbmDqv3t0IfNlOxS57QyFgwsbnR1gXgIeOgmoaECiU2BGfDj7AwTDJM9DY2MXsra4INO31IrMz2F+hcAcVQ==][OOF/RoGiSUUpGSF1kapAnyMLyB0deRS306asqgxzjCBxy4y2MrnZ2fihC0aGXrAAW10WLzDHQMLnRQV5czDzRg==][Hmi4E29lpxqYhdpAgyOAVSuttdK+GEf2RcWwgZ2JKMRmk9M1tVZPKnVfYaNcxI5ir8P0AjYv4zJ8mihriyQomA==][uOpYlex56QTEPRZ9PPDfQl/65LBwGDhbNPtd3fbynKCl2OdCKl4W6vP4zji6Qda6yMWUfd/AIyaU9xzf4QCv6w==][zADDy2xfPy8l5EyH7ppoTRCYbmUPtr9MZcKRmc2lof54eIDSuBj8wH7hboTEmruS0agrjq/NVlBHmRiCnV2oyQ==][9NxfEcuTTVQue448b+R1W4Cq2szypueeaFkD8X09ntTkstPINbHnrUE0rrK3tyyrhr1CTIqecmFi7r/qqxEzjQ==][aNpsoQfUvOR0yNW1QTE6GsjpYZa2YCf4RU1n56tbtnj0sDg/fiNInOYzaNUYogAi/cZGTi/rUYzbF+ledtJ/wA==][VsFuQJJSNmeLSSaFLhxrTHbtfLkGNJdEn9cx3OkGkTRS9RfRo70unZp7GJXSnDfgex99iH/q4pqs2Lolyte0DA==][+p6QI7AgFZ0NpjHu6heGDNfDKXGD6QqxZz5C+TArB9ZSinHXDYpejuziUc/mS6NCqoENZVI91nNNVV0rrBRR/g==][Aov4FbRskOPtxnWRyMmmRA7yN5NQwAC4uSf2UbQEo5okWmBZKyeVktSL8jM44Mt/8H1R+0Dwd1rLirltXmXyew==]}
{"logTime": "0228/060758", "correlationVector":"2H6jl6hjYZXIw8uYyVgcbZ.2","action":"EncryptionKeysManager::SetEncryptionKeysWithTimestamps:", "result":"Success", "context":Key timestamps[10]:[2022-02-16T18:29:10Z][2022-09-06T20:36:11Z][2023-03-11T23:17:29Z][2023-03-31T16:11:11Z][2023-10-08T06:40:11Z][2024-02-12T03:00:08Z][2024-04-28T01:00:44Z][2024-10-30T19:13:44Z][2025-06-12T16:40:17Z][2025-12-10T08:38:35Z]}
{"logTime": "0228/060758", "correlationVector":"5cluIu82AvH4pb5tBbpWrI","action":"Initial GetUpdates", "result":"", "context":Reason: NEW_CLIENT. cV=5cluIu82AvH4pb5tBbpWrI}
{"logTime": "0228/060758", "correlationVector":"5cluIu82AvH4pb5tBbpWrI.3","action":"GetUpdates Response", "result":"Success", "context":Received 1 update(s). cV=5cluIu82AvH4pb5tBbpWrI.0;server=akswtt111000034;cloudType=Consumer;environment=Prod_eastus2_prod-s01-050-nam-eastus2;migrationStage=NotStarted}
{"logTime": "0228/060758", "correlationVector":"EUpsM86UF+Q4VLvT4AKUCN","action":"Initial GetUpdates", "result":"", "context":Reason: NEWLY_SUPPORTED_DATATYPE. cV=EUpsM86UF+Q4VLvT4AKUCN}
{"logTime": "0228/060759", "correlationVector":"EUpsM86UF+Q4VLvT4AKUCN.1","action":"SyncServerConnectionManagerRequest", "result":"SYNC_SERVER_OK", "context":{"environment":"Prod_eastus2_prod-s01-050-nam-eastus2", "migrationStage":"NotStarted", "server":"akswtt111000034"}}
{"logTime": "0228/060759", "correlationVector":"EUpsM86UF+Q4VLvT4AKUCN.2","action":"ProcessGetUpdates", "result":"Done", "context":{"dataType":"Preferences", "deleted":"1", "process_failed_to_decrypt":"0", "process_pending_decryption":"0", "process_success":"69", "total":"69"}}
{"logTime": "0228/060759", "correlationVector":"EUpsM86UF+Q4VLvT4AKUCN.3","action":"ProcessGetUpdates", "result":"Done", "context":{"dataType":"Passwords", "deleted":"1", "process_failed_to_decrypt":"0", "process_pending_decryption":"0", "process_success":"10", "total":"10"}}
{"logTime": "0228/060759", "correlationVector":"EUpsM86UF+Q4VLvT4AKUCN.4","action":"ProcessGetUpdates", "result":"Done", "context":{"dataType":"Device Info", "deleted":"0", "process_failed_to_decrypt":"0", "process_pending_decryption":"0", "process_success":"35", "total":"35"}}
{"logTime": "0228/060759", "correlationVector":"EUpsM86UF+Q4VLvT4AKUCN.5","action":"GetUpdates Response", "result":"Success", "context":Received 114 update(s). cV=EUpsM86UF+Q4VLvT4AKUCN.0;server=akswtt111000034;cloudType=Consumer;environment=Prod_eastus2_prod-s01-050-nam-eastus2;migrationStage=NotStarted}
{"logTime": "0228/060759", "correlationVector":"sFCda+jH0qzO8wvhRS03C/","action":"Initial GetUpdates", "result":"", "context":Reason: NEWLY_SUPPORTED_DATATYPE. cV=sFCda+jH0qzO8wvhRS03C/}
{"logTime": "0228/060759", "correlationVector":"sFCda+jH0qzO8wvhRS03C/.1","action":"SyncServerConnectionManagerRequest", "result":"SYNC_SERVER_OK", "context":{"environment":"Prod_eastus2_prod-s01-050-nam-eastus2", "migrationStage":"NotStarted", "server":"akswtt11100002y"}}
{"logTime": "0228/060759", "correlationVector":"sFCda+jH0qzO8wvhRS03C/.2","action":"ProcessGetUpdates", "result":"Done", "context":{"dataType":"Bookmarks", "deleted":"0", "process_failed_to_decrypt":"0", "process_pending_decryption":"0", "process_success":"11", "total":"11"}}
{"logTime": "0228/060759", "correlationVector":"sFCda+jH0qzO8wvhRS03C/.3","action":"GetUpdates Response", "result":"Success", "context":Received 11 update(s). cV=sFCda+jH0qzO8wvhRS03C/.0;server=akswtt11100002y;cloudType=Consumer;environment=Prod_eastus2_prod-s01-050-nam-eastus2;migrationStage=NotStarted}
{"logTime": "0228/060759", "correlationVector":"w42X9TMB4i3VD2tku786PV","action":"Initial GetUpdates", "result":"", "context":Reason: NEWLY_SUPPORTED_DATATYPE. cV=w42X9TMB4i3VD2tku786PV}
{"logTime": "0228/060759", "correlationVector":"w42X9TMB4i3VD2tku786PV.1","action":"SyncServerConnectionManagerRequest", "result":"SYNC_SERVER_OK", "context":{"environment":"Prod_eastus2_prod-s01-050-nam-eastus2", "migrationStage":"NotStarted", "server":"akswtt111000007"}}
{"logTime": "0228/060759", "correlationVector":"w42X9TMB4i3VD2tku786PV.2","action":"ProcessGetUpdates", "result":"Done", "context":{"dataType":"Autofill Profiles", "deleted":"0", "process_failed_to_decrypt":"0", "process_pending_decryption":"0", "process_success":"1", "total":"1"}}
{"logTime": "0228/060759", "correlationVector":"w42X9TMB4i3VD2tku786PV.3","action":"ProcessGetUpdates", "result":"Done", "context":{"dataType":"Autofill", "deleted":"0", "process_failed_to_decrypt":"0", "process_pending_decryption":"0", "process_success":"20", "total":"20"}}
{"logTime": "0228/060759", "correlationVector":"w42X9TMB4i3VD2tku786PV.4","action":"ProcessGetUpdates", "result":"Done", "context":{"dataType":"Sessions", "deleted":"140", "process_failed_to_decrypt":"0", "process_pending_decryption":"0", "process_success":"155", "total":"155"}}
{"logTime": "0228/060759", "correlationVector":"w42X9TMB4i3VD2tku786PV.5","action":"ProcessGetUpdates", "result":"Done", "context":{"dataType":"Edge Hub App Usage", "deleted":"3", "process_failed_to_decrypt":"0", "process_pending_decryption":"0", "process_success":"21", "total":"21"}}
{"logTime": "0228/060759", "correlationVector":"w42X9TMB4i3VD2tku786PV.6","action":"GetUpdates Response", "result":"Success", "context":Received 197 update(s). cV=w42X9TMB4i3VD2tku786PV.0;server=akswtt111000007;cloudType=Consumer;environment=Prod_eastus2_prod-s01-050-nam-eastus2;migrationStage=NotStarted}
{"logTime": "0228/060759", "correlationVector":"f8xznOSbSt9Luz0u/KKKIW","action":"Initial GetUpdates", "result":"", "context":Reason: NEWLY_SUPPORTED_DATATYPE. cV=f8xznOSbSt9Luz0u/KKKIW}
{"logTime": "0228/060759", "correlationVector":"f8xznOSbSt9Luz0u/KKKIW.1","action":"SyncServerConnectionManagerRequest", "result":"SYNC_SERVER_OK", "context":{"environment":"Prod_eastus2_prod-s01-050-nam-eastus2", "migrationStage":"NotStarted", "server":"akswtt111000034"}}
{"logTime": "0228/060759", "correlationVector":"f8xznOSbSt9Luz0u/KKKIW.2","action":"ProcessGetUpdates", "result":"Done", "context":{"dataType":"History", "deleted":"0", "process_failed_to_decrypt":"0", "process_pending_decryption":"0", "process_success":"190", "total":"190"}}
{"logTime": "0228/060759", "correlationVector":"f8xznOSbSt9Luz0u/KKKIW.3","action":"GetUpdates Response", "result":"Success", "context":Received 190 update(s). cV=f8xznOSbSt9Luz0u/KKKIW.0;server=akswtt111000034;cloudType=Consumer;environment=Prod_eastus2_prod-s01-050-nam-eastus2;migrationStage=NotStarted}
{"logTime": "0228/060800", "correlationVector":"TdDFZHanQw20naPDzzKnox","action":"Normal GetUpdate request", "result":"", "context":cV=TdDFZHanQw20naPDzzKnox
Nudged types: Sessions, Device Info
Refresh requested types: Bookmarks, Preferences, Passwords, Autofill Profiles, Autofill, Extensions, Sessions, Extension settings, History Delete Directives, Device Info, User Consents, Send Tab To Self, Web Apps, History, Saved Tab Group, WebAuthn Credentials, Collection, Edge E Drop, Edge Hub App Usage, Edge Wallet, Edge Workspace, Encryption Keys}
{"logTime": "0228/060800", "correlationVector":"TdDFZHanQw20naPDzzKnox.1","action":"SyncServerConnectionManagerRequest", "result":"SYNC_SERVER_OK", "context":{"environment":"Prod_eastus2_prod-s01-050-nam-eastus2", "migrationStage":"NotStarted", "server":"akswtt11100002y"}}
{"logTime": "0228/060800", "correlationVector":"TdDFZHanQw20naPDzzKnox.2","action":"GetUpdates Response", "result":"Success", "context":Received 0 update(s). cV=TdDFZHanQw20naPDzzKnox.0;server=akswtt11100002y;cloudType=Consumer;environment=Prod_eastus2_prod-s01-050-nam-eastus2;migrationStage=NotStarted}
{"logTime": "0228/060800", "correlationVector":"yqm/KfiJ3G5FfpanwMBzGG","action":"Commit Request", "result":"", "context":Item count: 3
Contributing types: Sessions, Device Info}
{"logTime": "0228/060800", "correlationVector":"yqm/KfiJ3G5FfpanwMBzGG.1","action":"SyncServerConnectionManagerRequest", "result":"SYNC_SERVER_OK", "context":{"environment":"Prod_eastus2_prod-s01-050-nam-eastus2", "migrationStage":"NotStarted", "server":"akswtt111000007"}}
{"logTime": "0228/060800", "correlationVector":"yqm/KfiJ3G5FfpanwMBzGG.2","action":"Commit Response", "result":"Success", "context":Result: Success. cV=yqm/KfiJ3G5FfpanwMBzGG.0;server=akswtt111000007;cloudType=Consumer;environment=Prod_eastus2_prod-s01-050-nam-eastus2;migrationStage=NotStarted}
{"logTime": "0228/060801", "correlationVector":"Hdsqz2mpDli66n5r54Msx6","action":"Commit Request", "result":"", "context":Item count: 7
Contributing types: Preferences, Passwords}
{"logTime": "0228/060801", "correlationVector":"Hdsqz2mpDli66n5r54Msx6.1","action":"SyncServerConnectionManagerRequest", "result":"SYNC_SERVER_OK", "context":{"environment":"Prod_eastus2_prod-s01-050-nam-eastus2", "migrationStage":"NotStarted", "server":"akswtt111000034"}}
{"logTime": "0228/060801", "correlationVector":"Hdsqz2mpDli66n5r54Msx6.2","action":"Commit Response", "result":"Success", "context":Result: Success. cV=Hdsqz2mpDli66n5r54Msx6.0;server=akswtt111000034;cloudType=Consumer;environment=Prod_eastus2_prod-s01-050-nam-eastus2;migrationStage=NotStarted}
{"logTime": "0228/060904", "correlationVector":"Tm3Lrro84ErslgJFxNbuX6","action":"Commit Request", "result":"", "context":Item count: 4
Contributing types: Sessions, History}
{"logTime": "0228/060905", "correlationVector":"Tm3Lrro84ErslgJFxNbuX6.1","action":"SyncServerConnectionManagerRequest", "result":"SYNC_SERVER_OK", "context":{"environment":"Prod_eastus2_prod-s01-050-nam-eastus2", "migrationStage":"NotStarted", "server":"akswtt11100002y"}}
{"logTime": "0228/060905", "correlationVector":"Tm3Lrro84ErslgJFxNbuX6.2","action":"Commit Response", "result":"Success", "context":Result: Success. cV=Tm3Lrro84ErslgJFxNbuX6.0;server=akswtt11100002y;cloudType=Consumer;environment=Prod_eastus2_prod-s01-050-nam-eastus2;migrationStage=NotStarted}
{"logTime": "0228/061107", "correlationVector":"v5kfGSvXhfQ5FPq0DmYguj.1","action":"SyncServerConnectionManagerRequest", "result":"SYNC_SERVER_OK", "context":{"environment":"Prod_eastus2_prod-s01-050-nam-eastus2", "migrationStage":"NotStarted", "server":"akswtt11100000n"}}
{"logTime": "0228/061107", "correlationVector":"v5kfGSvXhfQ5FPq0DmYguj.2","action":"ProcessGetUpdates", "result":"Done", "context":{"dataType":"Encryption Keys", "deleted":"0", "process_failed_to_decrypt":"0", "process_pending_decryption":"0", "process_success":"1", "total":"1"}}
{"logTime": "0228/061108", "correlationVector":"1cYk5Hhk3urt1saR3yAoq7","action":"SyncServerConnectionManagerRequest", "result":"SYNC_SERVER_OK", "context":{"environment":"", "migrationStage":"", "server":""}}
{"logTime": "0228/061108", "correlationVector":"1cYk5Hhk3urt1saR3yAoq7.0","action":"EncryptionKeysFetcher.DownloadKeys:", "result":"Success", "context":Key count: 10, Last key timestamp: 2025-12-10T08:38:35Z}
{"logTime": "0228/061108", "correlationVector":"1cYk5Hhk3urt1saR3yAoq7.1","action":"EncryptionKeysManager::SetEncryptionKeys:", "result":"Success", "context":Key names[10]:[5P9vbmDqv3t0IfNlOxS57QyFgwsbnR1gXgIeOgmoaECiU2BGfDj7AwTDJM9DY2MXsra4INO31IrMz2F+hcAcVQ==][OOF/RoGiSUUpGSF1kapAnyMLyB0deRS306asqgxzjCBxy4y2MrnZ2fihC0aGXrAAW10WLzDHQMLnRQV5czDzRg==][Hmi4E29lpxqYhdpAgyOAVSuttdK+GEf2RcWwgZ2JKMRmk9M1tVZPKnVfYaNcxI5ir8P0AjYv4zJ8mihriyQomA==][uOpYlex56QTEPRZ9PPDfQl/65LBwGDhbNPtd3fbynKCl2OdCKl4W6vP4zji6Qda6yMWUfd/AIyaU9xzf4QCv6w==][zADDy2xfPy8l5EyH7ppoTRCYbmUPtr9MZcKRmc2lof54eIDSuBj8wH7hboTEmruS0agrjq/NVlBHmRiCnV2oyQ==][9NxfEcuTTVQue448b+R1W4Cq2szypueeaFkD8X09ntTkstPINbHnrUE0rrK3tyyrhr1CTIqecmFi7r/qqxEzjQ==][aNpsoQfUvOR0yNW1QTE6GsjpYZa2YCf4RU1n56tbtnj0sDg/fiNInOYzaNUYogAi/cZGTi/rUYzbF+ledtJ/wA==][VsFuQJJSNmeLSSaFLhxrTHbtfLkGNJdEn9cx3OkGkTRS9RfRo70unZp7GJXSnDfgex99iH/q4pqs2Lolyte0DA==][+p6QI7AgFZ0NpjHu6heGDNfDKXGD6QqxZz5C+TArB9ZSinHXDYpejuziUc/mS6NCqoENZVI91nNNVV0rrBRR/g==][Aov4FbRskOPtxnWRyMmmRA7yN5NQwAC4uSf2UbQEo5okWmBZKyeVktSL8jM44Mt/8H1R+0Dwd1rLirltXmXyew==]}
{"logTime": "0228/061108", "correlationVector":"1cYk5Hhk3urt1saR3yAoq7.2","action":"EncryptionKeysManager::SetEncryptionKeysWithTimestamps:", "result":"Success", "context":Key timestamps[10]:[2022-02-16T18:29:10Z][2022-09-06T20:36:11Z][2023-03-11T23:17:29Z][2023-03-31T16:11:11Z][2023-10-08T06:40:11Z][2024-02-12T03:00:08Z][2024-04-28T01:00:44Z][2024-10-30T19:13:44Z][2025-06-12T16:40:17Z][2025-12-10T08:38:35Z]}
{"logTime": "0228/061108", "correlationVector":"v5kfGSvXhfQ5FPq0DmYguj","action":"Initial GetUpdates", "result":"", "context":Reason: NEW_CLIENT. cV=v5kfGSvXhfQ5FPq0DmYguj}
{"logTime": "0228/061108", "correlationVector":"v5kfGSvXhfQ5FPq0DmYguj.3","action":"GetUpdates Response", "result":"Success", "context":Received 1 update(s). cV=v5kfGSvXhfQ5FPq0DmYguj.0;server=akswtt11100000n;cloudType=Consumer;environment=Prod_eastus2_prod-s01-050-nam-eastus2;migrationStage=NotStarted}
{"logTime": "0228/061108", "correlationVector":"fmRXSpFyt9FsDhXob5yBKO","action":"Initial GetUpdates", "result":"", "context":Reason: NEWLY_SUPPORTED_DATATYPE. cV=fmRXSpFyt9FsDhXob5yBKO}
{"logTime": "0228/061108", "correlationVector":"fmRXSpFyt9FsDhXob5yBKO.1","action":"SyncServerConnectionManagerRequest", "result":"SYNC_SERVER_OK", "context":{"environment":"Prod_eastus2_prod-s01-050-nam-eastus2", "migrationStage":"NotStarted", "server":"akswtt11100002z"}}
{"logTime": "0228/061108", "correlationVector":"fmRXSpFyt9FsDhXob5yBKO.2","action":"ProcessGetUpdates", "result":"Done", "context":{"dataType":"Passwords", "deleted":"1", "process_failed_to_decrypt":"0", "process_pending_decryption":"0", "process_success":"10", "total":"10"}}
{"logTime": "0228/061108", "correlationVector":"fmRXSpFyt9FsDhXob5yBKO.3","action":"GetUpdates Response", "result":"Success", "context":Received 10 update(s). cV=fmRXSpFyt9FsDhXob5yBKO.0;server=akswtt11100002z;cloudType=Consumer;environment=Prod_eastus2_prod-s01-050-nam-eastus2;migrationStage=NotStarted}
{"logTime": "0228/061108", "correlationVector":"qSXk2gpEsnKdNx8b3TvCd3","action":"Normal GetUpdate request", "result":"", "context":cV=qSXk2gpEsnKdNx8b3TvCd3
Nudged types: Sessions, Device Info, History
Refresh requested types: Bookmarks, Preferences, Passwords, Autofill Profiles, Autofill, Extensions, Sessions, Extension settings, History Delete Directives, Device Info, User Consents, Send Tab To Self, Web Apps, History, Saved Tab Group, WebAuthn Credentials, Collection, Edge E Drop, Edge Hub App Usage, Edge Wallet, Edge Workspace, Encryption Keys}
{"logTime": "0228/061108", "correlationVector":"qSXk2gpEsnKdNx8b3TvCd3.1","action":"SyncServerConnectionManagerRequest", "result":"SYNC_SERVER_OK", "context":{"environment":"Prod_eastus2_prod-s01-050-nam-eastus2", "migrationStage":"NotStarted", "server":"akswtt11100000g"}}
{"logTime": "0228/061108", "correlationVector":"qSXk2gpEsnKdNx8b3TvCd3.2","action":"ProcessGetUpdates", "result":"Done", "context":{"dataType":"Preferences", "deleted":"0", "process_failed_to_decrypt":"0", "process_pending_decryption":"0", "process_success":"1", "total":"1"}}
{"logTime": "0228/061108", "correlationVector":"qSXk2gpEsnKdNx8b3TvCd3.3","action":"ProcessGetUpdates", "result":"Done", "context":{"dataType":"Sessions", "deleted":"0", "process_failed_to_decrypt":"0", "process_pending_decryption":"0", "process_success":"2", "total":"2"}}
{"logTime": "0228/061108", "correlationVector":"qSXk2gpEsnKdNx8b3TvCd3.4","action":"ProcessGetUpdates", "result":"Done", "context":{"dataType":"Device Info", "deleted":"0", "process_failed_to_decrypt":"0", "process_pending_decryption":"0", "process_success":"1", "total":"1"}}
{"logTime": "0228/061108", "correlationVector":"qSXk2gpEsnKdNx8b3TvCd3.5","action":"ProcessGetUpdates", "result":"Done", "context":{"dataType":"History", "deleted":"0", "process_failed_to_decrypt":"0", "process_pending_decryption":"0", "process_success":"3", "total":"3"}}
{"logTime": "0228/061108", "correlationVector":"qSXk2gpEsnKdNx8b3TvCd3.6","action":"GetUpdates Response", "result":"Success", "context":Received 7 update(s). cV=qSXk2gpEsnKdNx8b3TvCd3.0;server=akswtt11100000g;cloudType=Consumer;environment=Prod_eastus2_prod-s01-050-nam-eastus2;migrationStage=NotStarted}
{"logTime": "0228/061108", "correlationVector":"4y8ZQGB8b8nnLQwyEvMYct","action":"Commit Request", "result":"", "context":Item count: 8
Contributing types: Sessions, Device Info, History}
{"logTime": "0228/061109", "correlationVector":"4y8ZQGB8b8nnLQwyEvMYct.1","action":"SyncServerConnectionManagerRequest", "result":"SYNC_SERVER_OK", "context":{"environment":"Prod_eastus2_prod-s01-050-nam-eastus2", "migrationStage":"NotStarted", "server":"akswtt111000035"}}
{"logTime": "0228/061109", "correlationVector":"4y8ZQGB8b8nnLQwyEvMYct.2","action":"Commit Response", "result":"Success", "context":Result: Success. cV=4y8ZQGB8b8nnLQwyEvMYct.0;server=akswtt111000035;cloudType=Consumer;environment=Prod_eastus2_prod-s01-050-nam-eastus2;migrationStage=NotStarted}
{"logTime": "0228/061109", "correlationVector":"XX09ytO6Vwjl6NwqkxHPxl","action":"Commit Request", "result":"", "context":Item count: 9
Contributing types: Preferences, Passwords, Sessions, History}
{"logTime": "0228/061110", "correlationVector":"XX09ytO6Vwjl6NwqkxHPxl.1","action":"SyncServerConnectionManagerRequest", "result":"SYNC_SERVER_OK", "context":{"environment":"Prod_eastus2_prod-s01-050-nam-eastus2", "migrationStage":"NotStarted", "server":"akswtt11100000g"}}
{"logTime": "0228/061110", "correlationVector":"XX09ytO6Vwjl6NwqkxHPxl.2","action":"Commit Response", "result":"Success", "context":Result: Success. cV=XX09ytO6Vwjl6NwqkxHPxl.0;server=akswtt11100000g;cloudType=Consumer;environment=Prod_eastus2_prod-s01-050-nam-eastus2;migrationStage=NotStarted}
{"logTime": "0228/061110", "correlationVector":"XX09ytO6Vwjl6NwqkxHPxl.3","action":"Commit.Sessions", "result":"Success", "context":{"id":"9f60a1d4-6ad3-47eb-b9c7-87ea9303f90a", "isDeleted":"true", "size":"0", "version":"1772259068546"}}
{"logTime": "0228/061211", "correlationVector":"LXNQfx1maCcuY1C0gidJkf","action":"Commit Request", "result":"", "context":Item count: 4
Contributing types: Sessions, History}
{"logTime": "0228/061212", "correlationVector":"LXNQfx1maCcuY1C0gidJkf.1","action":"SyncServerConnectionManagerRequest", "result":"SYNC_SERVER_OK", "context":{"environment":"Prod_eastus2_prod-s01-050-nam-eastus2", "migrationStage":"NotStarted", "server":"akswtt111000005"}}
{"logTime": "0228/061212", "correlationVector":"LXNQfx1maCcuY1C0gidJkf.2","action":"Commit Response", "result":"Success", "context":Result: Success. cV=LXNQfx1maCcuY1C0gidJkf.0;server=akswtt111000005;cloudType=Consumer;environment=Prod_eastus2_prod-s01-050-nam-eastus2;migrationStage=NotStarted}
{"logTime": "0305/190116", "correlationVector":"WHAv41rdXHQiStgJxquc2y.1","action":"SyncServerConnectionManagerRequest", "result":"SYNC_SERVER_OK", "context":{"environment":"Prod_eastus2_prod-s01-050-nam-eastus2", "migrationStage":"NotStarted", "server":"akswtt111000039"}}
{"logTime": "0305/190116", "correlationVector":"WHAv41rdXHQiStgJxquc2y.2","action":"ProcessGetUpdates", "result":"Done", "context":{"dataType":"Encryption Keys", "deleted":"0", "process_failed_to_decrypt":"0", "process_pending_decryption":"0", "process_success":"1", "total":"1"}}
{"logTime": "0305/190117", "correlationVector":"5sLvEKYqHE497Jrc5l+GKT","action":"SyncServerConnectionManagerRequest", "result":"SYNC_SERVER_OK", "context":{"environment":"", "migrationStage":"", "server":""}}
{"logTime": "0305/190117", "correlationVector":"5sLvEKYqHE497Jrc5l+GKT.0","action":"EncryptionKeysFetcher.DownloadKeys:", "result":"Success", "context":Key count: 10, Last key timestamp: 2025-12-10T08:38:35Z}
{"logTime": "0305/190117", "correlationVector":"5sLvEKYqHE497Jrc5l+GKT.1","action":"EncryptionKeysManager::SetEncryptionKeys:", "result":"Success", "context":Key names[10]:[5P9vbmDqv3t0IfNlOxS57QyFgwsbnR1gXgIeOgmoaECiU2BGfDj7AwTDJM9DY2MXsra4INO31IrMz2F+hcAcVQ==][OOF/RoGiSUUpGSF1kapAnyMLyB0deRS306asqgxzjCBxy4y2MrnZ2fihC0aGXrAAW10WLzDHQMLnRQV5czDzRg==][Hmi4E29lpxqYhdpAgyOAVSuttdK+GEf2RcWwgZ2JKMRmk9M1tVZPKnVfYaNcxI5ir8P0AjYv4zJ8mihriyQomA==][uOpYlex56QTEPRZ9PPDfQl/65LBwGDhbNPtd3fbynKCl2OdCKl4W6vP4zji6Qda6yMWUfd/AIyaU9xzf4QCv6w==][zADDy2xfPy8l5EyH7ppoTRCYbmUPtr9MZcKRmc2lof54eIDSuBj8wH7hboTEmruS0agrjq/NVlBHmRiCnV2oyQ==][9NxfEcuTTVQue448b+R1W4Cq2szypueeaFkD8X09ntTkstPINbHnrUE0rrK3tyyrhr1CTIqecmFi7r/qqxEzjQ==][aNpsoQfUvOR0yNW1QTE6GsjpYZa2YCf4RU1n56tbtnj0sDg/fiNInOYzaNUYogAi/cZGTi/rUYzbF+ledtJ/wA==][VsFuQJJSNmeLSSaFLhxrTHbtfLkGNJdEn9cx3OkGkTRS9RfRo70unZp7GJXSnDfgex99iH/q4pqs2Lolyte0DA==][+p6QI7AgFZ0NpjHu6heGDNfDKXGD6QqxZz5C+TArB9ZSinHXDYpejuziUc/mS6NCqoENZVI91nNNVV0rrBRR/g==][Aov4FbRskOPtxnWRyMmmRA7yN5NQwAC4uSf2UbQEo5okWmBZKyeVktSL8jM44Mt/8H1R+0Dwd1rLirltXmXyew==]}
{"logTime": "0305/190117", "correlationVector":"5sLvEKYqHE497Jrc5l+GKT.2","action":"EncryptionKeysManager::SetEncryptionKeysWithTimestamps:", "result":"Success", "context":Key timestamps[10]:[2022-02-16T18:29:10Z][2022-09-06T20:36:11Z][2023-03-11T23:17:29Z][2023-03-31T16:11:11Z][2023-10-08T06:40:11Z][2024-02-12T03:00:08Z][2024-04-28T01:00:44Z][2024-10-30T19:13:44Z][2025-06-12T16:40:17Z][2025-12-10T08:38:35Z]}
{"logTime": "0305/190117", "correlationVector":"WHAv41rdXHQiStgJxquc2y","action":"Initial GetUpdates", "result":"", "context":Reason: NEW_CLIENT. cV=WHAv41rdXHQiStgJxquc2y}
{"logTime": "0305/190117", "correlationVector":"WHAv41rdXHQiStgJxquc2y.3","action":"GetUpdates Response", "result":"Success", "context":Received 1 update(s). cV=WHAv41rdXHQiStgJxquc2y.0;server=akswtt111000039;cloudType=Consumer;environment=Prod_eastus2_prod-s01-050-nam-eastus2;migrationStage=NotStarted}
{"logTime": "0305/190117", "correlationVector":"O9JZiuAP7PXte2zVAaH07R","action":"Initial GetUpdates", "result":"", "context":Reason: NEWLY_SUPPORTED_DATATYPE. cV=O9JZiuAP7PXte2zVAaH07R}
{"logTime": "0305/190117", "correlationVector":"O9JZiuAP7PXte2zVAaH07R.1","action":"SyncServerConnectionManagerRequest", "result":"SYNC_SERVER_OK", "context":{"environment":"Prod_eastus2_prod-s01-050-nam-eastus2", "migrationStage":"NotStarted", "server":"akswtt11100001a"}}
{"logTime": "0305/190117", "correlationVector":"O9JZiuAP7PXte2zVAaH07R.2","action":"ProcessGetUpdates", "result":"Done", "context":{"dataType":"Preferences", "deleted":"1", "process_failed_to_decrypt":"0", "process_pending_decryption":"0", "process_success":"69", "total":"69"}}
{"logTime": "0305/190117", "correlationVector":"O9JZiuAP7PXte2zVAaH07R.3","action":"ProcessGetUpdates", "result":"Done", "context":{"dataType":"Passwords", "deleted":"1", "process_failed_to_decrypt":"0", "process_pending_decryption":"0", "process_success":"10", "total":"10"}}
{"logTime": "0305/190117", "correlationVector":"O9JZiuAP7PXte2zVAaH07R.4","action":"ProcessGetUpdates", "result":"Done", "context":{"dataType":"Device Info", "deleted":"0", "process_failed_to_decrypt":"0", "process_pending_decryption":"0", "process_success":"35", "total":"35"}}
{"logTime": "0305/190117", "correlationVector":"O9JZiuAP7PXte2zVAaH07R.5","action":"GetUpdates Response", "result":"Success", "context":Received 114 update(s). cV=O9JZiuAP7PXte2zVAaH07R.0;server=akswtt11100001a;cloudType=Consumer;environment=Prod_eastus2_prod-s01-050-nam-eastus2;migrationStage=NotStarted}
{"logTime": "0305/190117", "correlationVector":"HSrG0x0GEP+FdCRAf/IWdi","action":"Initial GetUpdates", "result":"", "context":Reason: NEWLY_SUPPORTED_DATATYPE. cV=HSrG0x0GEP+FdCRAf/IWdi}
{"logTime": "0305/190117", "correlationVector":"HSrG0x0GEP+FdCRAf/IWdi.1","action":"SyncServerConnectionManagerRequest", "result":"SYNC_SERVER_OK", "context":{"environment":"Prod_eastus2_prod-s01-050-nam-eastus2", "migrationStage":"NotStarted", "server":"akswtt11100002w"}}
{"logTime": "0305/190117", "correlationVector":"HSrG0x0GEP+FdCRAf/IWdi.2","action":"ProcessGetUpdates", "result":"Done", "context":{"dataType":"Bookmarks", "deleted":"0", "process_failed_to_decrypt":"0", "process_pending_decryption":"0", "process_success":"11", "total":"11"}}
{"logTime": "0305/190117", "correlationVector":"HSrG0x0GEP+FdCRAf/IWdi.3","action":"GetUpdates Response", "result":"Success", "context":Received 11 update(s). cV=HSrG0x0GEP+FdCRAf/IWdi.0;server=akswtt11100002w;cloudType=Consumer;environment=Prod_eastus2_prod-s01-050-nam-eastus2;migrationStage=NotStarted}
{"logTime": "0305/190117", "correlationVector":"wFjC1b3ryn52ase7nT2ffY","action":"Initial GetUpdates", "result":"", "context":Reason: NEWLY_SUPPORTED_DATATYPE. cV=wFjC1b3ryn52ase7nT2ffY}
{"logTime": "0305/190118", "correlationVector":"wFjC1b3ryn52ase7nT2ffY.1","action":"SyncServerConnectionManagerRequest", "result":"SYNC_SERVER_OK", "context":{"environment":"Prod_eastus2_prod-s01-050-nam-eastus2", "migrationStage":"NotStarted", "server":"akswtt11100002i"}}
{"logTime": "0305/190118", "correlationVector":"wFjC1b3ryn52ase7nT2ffY.2","action":"ProcessGetUpdates", "result":"Done", "context":{"dataType":"Autofill Profiles", "deleted":"0", "process_failed_to_decrypt":"0", "process_pending_decryption":"0", "process_success":"1", "total":"1"}}
{"logTime": "0305/190118", "correlationVector":"wFjC1b3ryn52ase7nT2ffY.3","action":"ProcessGetUpdates", "result":"Done", "context":{"dataType":"Autofill", "deleted":"0", "process_failed_to_decrypt":"0", "process_pending_decryption":"0", "process_success":"20", "total":"20"}}
{"logTime": "0305/190118", "correlationVector":"wFjC1b3ryn52ase7nT2ffY.4","action":"ProcessGetUpdates", "result":"Done", "context":{"dataType":"Sessions", "deleted":"141", "process_failed_to_decrypt":"0", "process_pending_decryption":"0", "process_success":"155", "total":"155"}}
{"logTime": "0305/190118", "correlationVector":"wFjC1b3ryn52ase7nT2ffY.5","action":"ProcessGetUpdates", "result":"Done", "context":{"dataType":"Edge Hub App Usage", "deleted":"2", "process_failed_to_decrypt":"0", "process_pending_decryption":"0", "process_success":"20", "total":"20"}}
{"logTime": "0305/190118", "correlationVector":"wFjC1b3ryn52ase7nT2ffY.6","action":"GetUpdates Response", "result":"Success", "context":Received 196 update(s). cV=wFjC1b3ryn52ase7nT2ffY.0;server=akswtt11100002i;cloudType=Consumer;environment=Prod_eastus2_prod-s01-050-nam-eastus2;migrationStage=NotStarted}
{"logTime": "0305/190118", "correlationVector":"vHPSt3R6PGzFqg9ASZFinP","action":"Initial GetUpdates", "result":"", "context":Reason: NEWLY_SUPPORTED_DATATYPE. cV=vHPSt3R6PGzFqg9ASZFinP}
{"logTime": "0305/190119", "correlationVector":"vHPSt3R6PGzFqg9ASZFinP.1","action":"SyncServerConnectionManagerRequest", "result":"SYNC_SERVER_OK", "context":{"environment":"Prod_eastus2_prod-s01-050-nam-eastus2", "migrationStage":"NotStarted", "server":"akswtt11100002o"}}
{"logTime": "0305/190119", "correlationVector":"vHPSt3R6PGzFqg9ASZFinP.2","action":"ProcessGetUpdates", "result":"Done", "context":{"dataType":"History", "deleted":"0", "process_failed_to_decrypt":"0", "process_pending_decryption":"0", "process_success":"201", "total":"201"}}
{"logTime": "0305/190119", "correlationVector":"vHPSt3R6PGzFqg9ASZFinP.3","action":"GetUpdates Response", "result":"Success", "context":Received 201 update(s). cV=vHPSt3R6PGzFqg9ASZFinP.0;server=akswtt11100002o;cloudType=Consumer;environment=Prod_eastus2_prod-s01-050-nam-eastus2;migrationStage=NotStarted}
{"logTime": "0305/190119", "correlationVector":"9SRWGm/bENV2I1tBxCJqZe","action":"Normal GetUpdate request", "result":"", "context":cV=9SRWGm/bENV2I1tBxCJqZe
Nudged types: Sessions, Device Info
Refresh requested types: Bookmarks, Preferences, Passwords, Autofill Profiles, Autofill, Extensions, Sessions, Extension settings, History Delete Directives, Device Info, User Consents, Send Tab To Self, Web Apps, History, Saved Tab Group, WebAuthn Credentials, Collection, Edge E Drop, Edge Hub App Usage, Edge Wallet, Edge Workspace, Encryption Keys}
{"logTime": "0305/190119", "correlationVector":"9SRWGm/bENV2I1tBxCJqZe.1","action":"SyncServerConnectionManagerRequest", "result":"SYNC_SERVER_OK", "context":{"environment":"Prod_eastus2_prod-s01-050-nam-eastus2", "migrationStage":"NotStarted", "server":"akswtt11100002y"}}
{"logTime": "0305/190119", "correlationVector":"9SRWGm/bENV2I1tBxCJqZe.2","action":"GetUpdates Response", "result":"Success", "context":Received 0 update(s). cV=9SRWGm/bENV2I1tBxCJqZe.0;server=akswtt11100002y;cloudType=Consumer;environment=Prod_eastus2_prod-s01-050-nam-eastus2;migrationStage=NotStarted}
{"logTime": "0305/190119", "correlationVector":"ai7HpkEQWhUdhd5U/tl6o8","action":"Commit Request", "result":"", "context":Item count: 3
Contributing types: Sessions, Device Info}
{"logTime": "0305/190119", "correlationVector":"ai7HpkEQWhUdhd5U/tl6o8.1","action":"SyncServerConnectionManagerRequest", "result":"SYNC_SERVER_OK", "context":{"environment":"Prod_eastus2_prod-s01-050-nam-eastus2", "migrationStage":"NotStarted", "server":"akswtt111000034"}}
{"logTime": "0305/190119", "correlationVector":"ai7HpkEQWhUdhd5U/tl6o8.2","action":"Commit Response", "result":"Success", "context":Result: Success. cV=ai7HpkEQWhUdhd5U/tl6o8.0;server=akswtt111000034;cloudType=Consumer;environment=Prod_eastus2_prod-s01-050-nam-eastus2;migrationStage=NotStarted}
{"logTime": "0305/190119", "correlationVector":"jzbeSNnpjdOsJ7+cC0bZlz","action":"Poll GetUpdate request", "result":"", "context":cV=jzbeSNnpjdOsJ7+cC0bZlz}
{"logTime": "0305/190120", "correlationVector":"jzbeSNnpjdOsJ7+cC0bZlz.1","action":"SyncServerConnectionManagerRequest", "result":"SYNC_SERVER_OK", "context":{"environment":"Prod_eastus2_prod-s01-050-nam-eastus2", "migrationStage":"NotStarted", "server":"akswtt111000033"}}
{"logTime": "0305/190120", "correlationVector":"jzbeSNnpjdOsJ7+cC0bZlz.2","action":"ProcessGetUpdates", "result":"Done", "context":{"dataType":"Sessions", "deleted":"0", "process_failed_to_decrypt":"0", "process_pending_decryption":"0", "process_success":"2", "total":"2"}}
{"logTime": "0305/190120", "correlationVector":"jzbeSNnpjdOsJ7+cC0bZlz.3","action":"ProcessGetUpdates", "result":"Done", "context":{"dataType":"Device Info", "deleted":"0", "process_failed_to_decrypt":"0", "process_pending_decryption":"0", "process_success":"1", "total":"1"}}
{"logTime": "0305/190120", "correlationVector":"jzbeSNnpjdOsJ7+cC0bZlz.4","action":"GetUpdates Response", "result":"Success", "context":Received 3 update(s). cV=jzbeSNnpjdOsJ7+cC0bZlz.0;server=akswtt111000033;cloudType=Consumer;environment=Prod_eastus2_prod-s01-050-nam-eastus2;migrationStage=NotStarted}
{"logTime": "0305/190120", "correlationVector":"w3dZC7vJ6GN/nTRP8aPIkp","action":"Commit Request", "result":"", "context":Item count: 7
Contributing types: Preferences, Passwords}
{"logTime": "0305/190121", "correlationVector":"w3dZC7vJ6GN/nTRP8aPIkp.1","action":"SyncServerConnectionManagerRequest", "result":"SYNC_SERVER_OK", "context":{"environment":"Prod_eastus2_prod-s01-050-nam-eastus2", "migrationStage":"NotStarted", "server":"akswtt111000039"}}
{"logTime": "0305/190121", "correlationVector":"w3dZC7vJ6GN/nTRP8aPIkp.2","action":"Commit Response", "result":"Success", "context":Result: Success. cV=w3dZC7vJ6GN/nTRP8aPIkp.0;server=akswtt111000039;cloudType=Consumer;environment=Prod_eastus2_prod-s01-050-nam-eastus2;migrationStage=NotStarted}
{"logTime": "0305/190129", "correlationVector":"TsyoY1crkSJbgznujgf+wr","action":"Commit Request", "result":"", "context":Item count: 3
Contributing types: Preferences, Sessions, History}
{"logTime": "0305/190130", "correlationVector":"TsyoY1crkSJbgznujgf+wr.1","action":"SyncServerConnectionManagerRequest", "result":"SYNC_SERVER_OK", "context":{"environment":"Prod_eastus2_prod-s01-050-nam-eastus2", "migrationStage":"NotStarted", "server":"akswtt111000034"}}
{"logTime": "0305/190130", "correlationVector":"TsyoY1crkSJbgznujgf+wr.2","action":"Commit Response", "result":"Success", "context":Result: Success. cV=TsyoY1crkSJbgznujgf+wr.0;server=akswtt111000034;cloudType=Consumer;environment=Prod_eastus2_prod-s01-050-nam-eastus2;migrationStage=NotStarted}
{"logTime": "0305/190141", "correlationVector":"AR93DNQMawwlx/GDA1iTwV","action":"Commit Request", "result":"", "context":Item count: 1
Contributing types: Preferences}
{"logTime": "0305/190141", "correlationVector":"AR93DNQMawwlx/GDA1iTwV.1","action":"SyncServerConnectionManagerRequest", "result":"SYNC_SERVER_OK", "context":{"environment":"Prod_eastus2_prod-s01-050-nam-eastus2", "migrationStage":"NotStarted", "server":"akswtt11100003d"}}
{"logTime": "0305/190141", "correlationVector":"AR93DNQMawwlx/GDA1iTwV.2","action":"Commit Response", "result":"Success", "context":Result: Success. cV=AR93DNQMawwlx/GDA1iTwV.0;server=akswtt11100003d;cloudType=Consumer;environment=Prod_eastus2_prod-s01-050-nam-eastus2;migrationStage=NotStarted}
{"logTime": "0305/190201", "correlationVector":"vKnI9vqbMhHEquANglDoLk","action":"Commit Request", "result":"", "context":Item count: 4
Contributing types: Preferences, Sessions, History}
{"logTime": "0305/190202", "correlationVector":"vKnI9vqbMhHEquANglDoLk.1","action":"SyncServerConnectionManagerRequest", "result":"SYNC_SERVER_OK", "context":{"environment":"Prod_eastus2_prod-s01-050-nam-eastus2", "migrationStage":"NotStarted", "server":"akswtt111000034"}}
{"logTime": "0305/190202", "correlationVector":"vKnI9vqbMhHEquANglDoLk.2","action":"Commit Response", "result":"Success", "context":Result: Success. cV=vKnI9vqbMhHEquANglDoLk.0;server=akswtt111000034;cloudType=Consumer;environment=Prod_eastus2_prod-s01-050-nam-eastus2;migrationStage=NotStarted}
{"logTime": "0305/194305", "correlationVector":"xlaIw4k/5DTgTKm60SqvXp","action":"Commit Request", "result":"", "context":Item count: 3
Contributing types: Sessions, History}
{"logTime": "0305/194307", "correlationVector":"xlaIw4k/5DTgTKm60SqvXp.1","action":"SyncServerConnectionManagerRequest", "result":"SYNC_SERVER_OK", "context":{"environment":"Prod_eastus2_prod-s01-050-nam-eastus2", "migrationStage":"NotStarted", "server":"akswtt111000026"}}
{"logTime": "0305/194307", "correlationVector":"xlaIw4k/5DTgTKm60SqvXp.2","action":"Commit Response", "result":"Success", "context":Result: Success. cV=xlaIw4k/5DTgTKm60SqvXp.0;server=akswtt111000026;cloudType=Consumer;environment=Prod_eastus2_prod-s01-050-nam-eastus2;migrationStage=NotStarted}
{"logTime": "0306/025854", "correlationVector":"NGrZAujGB+FGIm0bu2cgNu","action":"Commit Request", "result":"", "context":Item count: 4
Contributing types: Preferences, Sessions, History}
{"logTime": "0306/025855", "correlationVector":"NGrZAujGB+FGIm0bu2cgNu.1","action":"SyncServerConnectionManagerRequest", "result":"SYNC_SERVER_OK", "context":{"environment":"Prod_eastus2_prod-s01-050-nam-eastus2", "migrationStage":"NotStarted", "server":"akswtt11100002y"}}
{"logTime": "0306/025855", "correlationVector":"NGrZAujGB+FGIm0bu2cgNu.2","action":"Commit Response", "result":"Success", "context":Result: Success. cV=NGrZAujGB+FGIm0bu2cgNu.0;server=akswtt11100002y;cloudType=Consumer;environment=Prod_eastus2_prod-s01-050-nam-eastus2;migrationStage=NotStarted}
{"logTime": "0306/030050", "correlationVector":"vzNZ1pVRMCpx9bEyC+XDuC.1","action":"SyncServerConnectionManagerRequest", "result":"SYNC_SERVER_OK", "context":{"environment":"Prod_eastus2_prod-s01-050-nam-eastus2", "migrationStage":"NotStarted", "server":"akswtt11100002w"}}
{"logTime": "0306/030050", "correlationVector":"vzNZ1pVRMCpx9bEyC+XDuC.2","action":"ProcessGetUpdates", "result":"Done", "context":{"dataType":"Encryption Keys", "deleted":"0", "process_failed_to_decrypt":"0", "process_pending_decryption":"0", "process_success":"1", "total":"1"}}
{"logTime": "0306/030051", "correlationVector":"3DlhgOhbEyUxiFiqY9GzGt","action":"SyncServerConnectionManagerRequest", "result":"SYNC_SERVER_OK", "context":{"environment":"", "migrationStage":"", "server":""}}
{"logTime": "0306/030051", "correlationVector":"3DlhgOhbEyUxiFiqY9GzGt.0","action":"EncryptionKeysFetcher.DownloadKeys:", "result":"Success", "context":Key count: 10, Last key timestamp: 2025-12-10T08:38:35Z}
{"logTime": "0306/030051", "correlationVector":"3DlhgOhbEyUxiFiqY9GzGt.1","action":"EncryptionKeysManager::SetEncryptionKeys:", "result":"Success", "context":Key names[10]:[5P9vbmDqv3t0IfNlOxS57QyFgwsbnR1gXgIeOgmoaECiU2BGfDj7AwTDJM9DY2MXsra4INO31IrMz2F+hcAcVQ==][OOF/RoGiSUUpGSF1kapAnyMLyB0deRS306asqgxzjCBxy4y2MrnZ2fihC0aGXrAAW10WLzDHQMLnRQV5czDzRg==][Hmi4E29lpxqYhdpAgyOAVSuttdK+GEf2RcWwgZ2JKMRmk9M1tVZPKnVfYaNcxI5ir8P0AjYv4zJ8mihriyQomA==][uOpYlex56QTEPRZ9PPDfQl/65LBwGDhbNPtd3fbynKCl2OdCKl4W6vP4zji6Qda6yMWUfd/AIyaU9xzf4QCv6w==][zADDy2xfPy8l5EyH7ppoTRCYbmUPtr9MZcKRmc2lof54eIDSuBj8wH7hboTEmruS0agrjq/NVlBHmRiCnV2oyQ==][9NxfEcuTTVQue448b+R1W4Cq2szypueeaFkD8X09ntTkstPINbHnrUE0rrK3tyyrhr1CTIqecmFi7r/qqxEzjQ==][aNpsoQfUvOR0yNW1QTE6GsjpYZa2YCf4RU1n56tbtnj0sDg/fiNInOYzaNUYogAi/cZGTi/rUYzbF+ledtJ/wA==][VsFuQJJSNmeLSSaFLhxrTHbtfLkGNJdEn9cx3OkGkTRS9RfRo70unZp7GJXSnDfgex99iH/q4pqs2Lolyte0DA==][+p6QI7AgFZ0NpjHu6heGDNfDKXGD6QqxZz5C+TArB9ZSinHXDYpejuziUc/mS6NCqoENZVI91nNNVV0rrBRR/g==][Aov4FbRskOPtxnWRyMmmRA7yN5NQwAC4uSf2UbQEo5okWmBZKyeVktSL8jM44Mt/8H1R+0Dwd1rLirltXmXyew==]}
{"logTime": "0306/030051", "correlationVector":"3DlhgOhbEyUxiFiqY9GzGt.2","action":"EncryptionKeysManager::SetEncryptionKeysWithTimestamps:", "result":"Success", "context":Key timestamps[10]:[2022-02-16T18:29:10Z][2022-09-06T20:36:11Z][2023-03-11T23:17:29Z][2023-03-31T16:11:11Z][2023-10-08T06:40:11Z][2024-02-12T03:00:08Z][2024-04-28T01:00:44Z][2024-10-30T19:13:44Z][2025-06-12T16:40:17Z][2025-12-10T08:38:35Z]}
{"logTime": "0306/030051", "correlationVector":"vzNZ1pVRMCpx9bEyC+XDuC","action":"Initial GetUpdates", "result":"", "context":Reason: NEW_CLIENT. cV=vzNZ1pVRMCpx9bEyC+XDuC}
{"logTime": "0306/030051", "correlationVector":"vzNZ1pVRMCpx9bEyC+XDuC.3","action":"GetUpdates Response", "result":"Success", "context":Received 1 update(s). cV=vzNZ1pVRMCpx9bEyC+XDuC.0;server=akswtt11100002w;cloudType=Consumer;environment=Prod_eastus2_prod-s01-050-nam-eastus2;migrationStage=NotStarted}
{"logTime": "0306/030051", "correlationVector":"6Xfihw/FiEn8wn+bEXvovO","action":"Initial GetUpdates", "result":"", "context":Reason: NEWLY_SUPPORTED_DATATYPE. cV=6Xfihw/FiEn8wn+bEXvovO}
{"logTime": "0306/030051", "correlationVector":"6Xfihw/FiEn8wn+bEXvovO.1","action":"SyncServerConnectionManagerRequest", "result":"SYNC_SERVER_OK", "context":{"environment":"Prod_eastus2_prod-s01-050-nam-eastus2", "migrationStage":"NotStarted", "server":"akswtt11100002w"}}
{"logTime": "0306/030051", "correlationVector":"6Xfihw/FiEn8wn+bEXvovO.2","action":"ProcessGetUpdates", "result":"Done", "context":{"dataType":"Passwords", "deleted":"1", "process_failed_to_decrypt":"0", "process_pending_decryption":"0", "process_success":"10", "total":"10"}}
{"logTime": "0306/030051", "correlationVector":"6Xfihw/FiEn8wn+bEXvovO.3","action":"GetUpdates Response", "result":"Success", "context":Received 10 update(s). cV=6Xfihw/FiEn8wn+bEXvovO.0;server=akswtt11100002w;cloudType=Consumer;environment=Prod_eastus2_prod-s01-050-nam-eastus2;migrationStage=NotStarted}
{"logTime": "0306/030051", "correlationVector":"C9t1PRP5csgeyUO9HzdFFB","action":"Normal GetUpdate request", "result":"", "context":cV=C9t1PRP5csgeyUO9HzdFFB
Nudged types: Sessions, History
Refresh requested types: Bookmarks, Preferences, Passwords, Autofill Profiles, Autofill, Extensions, Sessions, Extension settings, History Delete Directives, Device Info, User Consents, Send Tab To Self, Web Apps, History, Saved Tab Group, WebAuthn Credentials, Collection, Edge E Drop, Edge Hub App Usage, Edge Wallet, Edge Workspace, Encryption Keys}
{"logTime": "0306/030051", "correlationVector":"C9t1PRP5csgeyUO9HzdFFB.1","action":"SyncServerConnectionManagerRequest", "result":"SYNC_SERVER_OK", "context":{"environment":"Prod_eastus2_prod-s01-050-nam-eastus2", "migrationStage":"NotStarted", "server":"akswtt11100003b"}}
{"logTime": "0306/030051", "correlationVector":"C9t1PRP5csgeyUO9HzdFFB.2","action":"ProcessGetUpdates", "result":"Done", "context":{"dataType":"Preferences", "deleted":"0", "process_failed_to_decrypt":"0", "process_pending_decryption":"0", "process_success":"3", "total":"3"}}
{"logTime": "0306/030051", "correlationVector":"C9t1PRP5csgeyUO9HzdFFB.3","action":"ProcessGetUpdates", "result":"Done", "context":{"dataType":"Sessions", "deleted":"0", "process_failed_to_decrypt":"0", "process_pending_decryption":"0", "process_success":"1", "total":"1"}}
{"logTime": "0306/030051", "correlationVector":"C9t1PRP5csgeyUO9HzdFFB.4","action":"ProcessGetUpdates", "result":"Done", "context":{"dataType":"History", "deleted":"0", "process_failed_to_decrypt":"0", "process_pending_decryption":"0", "process_success":"4", "total":"4"}}
{"logTime": "0306/030051", "correlationVector":"C9t1PRP5csgeyUO9HzdFFB.5","action":"GetUpdates Response", "result":"Success", "context":Received 8 update(s). cV=C9t1PRP5csgeyUO9HzdFFB.0;server=akswtt11100003b;cloudType=Consumer;environment=Prod_eastus2_prod-s01-050-nam-eastus2;migrationStage=NotStarted}
{"logTime": "0306/030051", "correlationVector":"+x2lVa1xvmvBArAyMF2TH9","action":"Commit Request", "result":"", "context":Item count: 7
Contributing types: Sessions, Device Info, History}
{"logTime": "0306/030052", "correlationVector":"+x2lVa1xvmvBArAyMF2TH9.1","action":"SyncServerConnectionManagerRequest", "result":"SYNC_SERVER_OK", "context":{"environment":"Prod_eastus2_prod-s01-050-nam-eastus2", "migrationStage":"NotStarted", "server":"akswtt11100000a"}}
{"logTime": "0306/030052", "correlationVector":"+x2lVa1xvmvBArAyMF2TH9.2","action":"Commit Response", "result":"Success", "context":Result: Success. cV=+x2lVa1xvmvBArAyMF2TH9.0;server=akswtt11100000a;cloudType=Consumer;environment=Prod_eastus2_prod-s01-050-nam-eastus2;migrationStage=NotStarted}
{"logTime": "0306/030053", "correlationVector":"y/G9g6axTeWbXo3YTnEuBS","action":"Commit Request", "result":"", "context":Item count: 7
Contributing types: Preferences, Passwords}
{"logTime": "0306/030054", "correlationVector":"y/G9g6axTeWbXo3YTnEuBS.1","action":"SyncServerConnectionManagerRequest", "result":"SYNC_SERVER_OK", "context":{"environment":"Prod_eastus2_prod-s01-050-nam-eastus2", "migrationStage":"NotStarted", "server":"akswtt11100003h"}}
{"logTime": "0306/030054", "correlationVector":"y/G9g6axTeWbXo3YTnEuBS.2","action":"Commit Response", "result":"Success", "context":Result: Success. cV=y/G9g6axTeWbXo3YTnEuBS.0;server=akswtt11100003h;cloudType=Consumer;environment=Prod_eastus2_prod-s01-050-nam-eastus2;migrationStage=NotStarted}
{"logTime": "0306/030120", "correlationVector":"NZGSEI/OuswWGxq0rjKRZG","action":"Commit Request", "result":"", "context":Item count: 3
Contributing types: Sessions, History}
{"logTime": "0306/030120", "correlationVector":"NZGSEI/OuswWGxq0rjKRZG.1","action":"SyncServerConnectionManagerRequest", "result":"SYNC_SERVER_OK", "context":{"environment":"Prod_eastus2_prod-s01-050-nam-eastus2", "migrationStage":"NotStarted", "server":"akswtt111000039"}}
{"logTime": "0306/030120", "correlationVector":"NZGSEI/OuswWGxq0rjKRZG.3","action":"Commit.Sessions", "result":"Success", "context":{"id":"ae2e9d22-9504-4a7d-a4eb-7458c217e7d0", "isDeleted":"true", "size":"0", "version":"1772766051432"}}
{"logTime": "0306/030120", "correlationVector":"NZGSEI/OuswWGxq0rjKRZG.2","action":"Commit Response", "result":"Success", "context":Result: Success. cV=NZGSEI/OuswWGxq0rjKRZG.0;server=akswtt111000039;cloudType=Consumer;environment=Prod_eastus2_prod-s01-050-nam-eastus2;migrationStage=NotStarted}
{"logTime": "0306/030120", "correlationVector":"GwzEOeZO1WAgHOi5esQj3l","action":"Poll GetUpdate request", "result":"", "context":cV=GwzEOeZO1WAgHOi5esQj3l}
{"logTime": "0306/030120", "correlationVector":"GwzEOeZO1WAgHOi5esQj3l.1","action":"SyncServerConnectionManagerRequest", "result":"SYNC_SERVER_OK", "context":{"environment":"Prod_eastus2_prod-s01-050-nam-eastus2", "migrationStage":"NotStarted", "server":"akswtt11100000a"}}
{"logTime": "0306/030120", "correlationVector":"GwzEOeZO1WAgHOi5esQj3l.2","action":"ProcessGetUpdates", "result":"Done", "context":{"dataType":"Preferences", "deleted":"0", "process_failed_to_decrypt":"0", "process_pending_decryption":"0", "process_success":"1", "total":"1"}}
{"logTime": "0306/030120", "correlationVector":"GwzEOeZO1WAgHOi5esQj3l.3","action":"ProcessGetUpdates", "result":"Done", "context":{"dataType":"Passwords", "deleted":"0", "process_failed_to_decrypt":"0", "process_pending_decryption":"0", "process_success":"6", "total":"6"}}
{"logTime": "0306/030120", "correlationVector":"GwzEOeZO1WAgHOi5esQj3l.4","action":"ProcessGetUpdates", "result":"Done", "context":{"dataType":"Sessions", "deleted":"1", "process_failed_to_decrypt":"0", "process_pending_decryption":"0", "process_success":"3", "total":"3"}}
{"logTime": "0306/030120", "correlationVector":"GwzEOeZO1WAgHOi5esQj3l.5","action":"ProcessGetUpdates", "result":"Done", "context":{"dataType":"Device Info", "deleted":"0", "process_failed_to_decrypt":"0", "process_pending_decryption":"0", "process_success":"1", "total":"1"}}
{"logTime": "0306/030120", "correlationVector":"GwzEOeZO1WAgHOi5esQj3l.6","action":"ProcessGetUpdates", "result":"Done", "context":{"dataType":"History", "deleted":"0", "process_failed_to_decrypt":"0", "process_pending_decryption":"0", "process_success":"3", "total":"3"}}
{"logTime": "0306/030120", "correlationVector":"GwzEOeZO1WAgHOi5esQj3l.7","action":"GetUpdates Response", "result":"Success", "context":Received 14 update(s). cV=GwzEOeZO1WAgHOi5esQj3l.0;server=akswtt11100000a;cloudType=Consumer;environment=Prod_eastus2_prod-s01-050-nam-eastus2;migrationStage=NotStarted}
{"logTime": "0306/030156", "correlationVector":"8r2MDg/5zYRY1QNRsjVThH","action":"Commit Request", "result":"", "context":Item count: 4
Contributing types: Sessions, History}
{"logTime": "0306/030156", "correlationVector":"8r2MDg/5zYRY1QNRsjVThH.1","action":"SyncServerConnectionManagerRequest", "result":"SYNC_SERVER_OK", "context":{"environment":"Prod_eastus2_prod-s01-050-nam-eastus2", "migrationStage":"NotStarted", "server":"akswtt11100000b"}}
{"logTime": "0306/030156", "correlationVector":"8r2MDg/5zYRY1QNRsjVThH.2","action":"Commit Response", "result":"Success", "context":Result: Success. cV=8r2MDg/5zYRY1QNRsjVThH.0;server=akswtt11100000b;cloudType=Consumer;environment=Prod_eastus2_prod-s01-050-nam-eastus2;migrationStage=NotStarted}
{"logTime": "0306/053043", "correlationVector":"uYy+/sPLsc5kPRZWcHBDxI","action":"Commit Request", "result":"", "context":Item count: 1
Contributing types: Device Info}
{"logTime": "0306/053044", "correlationVector":"uYy+/sPLsc5kPRZWcHBDxI.1","action":"SyncServerConnectionManagerRequest", "result":"SYNC_SERVER_OK", "context":{"environment":"Prod_eastus2_prod-s01-050-nam-eastus2", "migrationStage":"NotStarted", "server":"akswtt111000008"}}
{"logTime": "0306/053044", "correlationVector":"uYy+/sPLsc5kPRZWcHBDxI.2","action":"Commit Response", "result":"Success", "context":Result: Success. cV=uYy+/sPLsc5kPRZWcHBDxI.0;server=akswtt111000008;cloudType=Consumer;environment=Prod_eastus2_prod-s01-050-nam-eastus2;migrationStage=NotStarted}
